Using pre-set license
Built from '2020.2/release' branch; Version is '2020.2.1f1 (270dd8c3da1c) revision 2559448'; Using compiler version '192528614'; Build Type 'Release'
OS: 'Windows 10  (10.0.0) 64bit' Language: 'es' Physical Memory: 8191 MB
BatchMode: 1, IsHumanControllingUs: 0, StartBugReporterOnCrash: 0, Is64bit: 1, IsPro: 0

 COMMAND LINE ARGUMENTS:
C:\Program Files\Unity2019.4.17f1\2020.2.1f1\Editor\Unity.exe
-adb2
-batchMode
-noUpm
-name
AssetImportWorker1
-projectPath
C:/Users/Joel/Unity Projects/LowPolyGame
-logFile
Logs/AssetImportWorker1.log
-srvPort
59341
Successfully changed project path to: C:/Users/Joel/Unity Projects/LowPolyGame
C:/Users/Joel/Unity Projects/LowPolyGame
Using Asset Import Pipeline V2.
Refreshing native plugins compatible for Editor in 117.45 ms, found 0 plugins.
Preloading 0 native plugins for Editor in 0.00 ms.
Initialize engine version: 2020.2.1f1 (270dd8c3da1c)
[Subsystems] Discovering subsystems at path C:/Program Files/Unity2019.4.17f1/2020.2.1f1/Editor/Data/Resources/UnitySubsystems
[Subsystems] Discovering subsystems at path C:/Users/Joel/Unity Projects/LowPolyGame/Assets
GfxDevice: creating device client; threaded=0
Direct3D:
    Version:  Direct3D 11.0 [level 11.0]
    Renderer: NVIDIA GeForce GTX 550 Ti (ID=0x1244)
    Vendor:   
    VRAM:     977 MB
    Driver:   21.21.13.7654
Shader 'Universal Render Pipeline/Particles/Lit': fallback shader 'Universal Render Pipeline/Particles/SimpleLit' not found
Initialize mono
Mono path[0] = 'C:/Program Files/Unity2019.4.17f1/2020.2.1f1/Editor/Data/Managed'
Mono path[1] = 'C:/Program Files/Unity2019.4.17f1/2020.2.1f1/Editor/Data/MonoBleedingEdge/lib/mono/unityjit'
Mono config path = 'C:/Program Files/Unity2019.4.17f1/2020.2.1f1/Editor/Data/MonoBleedingEdge/etc'
Using monoOptions --debugger-agent=transport=dt_socket,embedding=1,server=y,suspend=n,address=127.0.0.1:56972
Begin MonoManager ReloadAssembly
Registering precompiled unity dll's ...
Register platform support module: C:/Program Files/Unity2019.4.17f1/2020.2.1f1/Editor/Data/PlaybackEngines/WebGLSupport/UnityEditor.WebGL.Extensions.dll
Register platform support module: C:/Program Files/Unity2019.4.17f1/2020.2.1f1/Editor/Data/PlaybackEngines/WindowsStandaloneSupport/UnityEditor.WindowsStandalone.Extensions.dll
Registered in 0.013037 seconds.
Native extension for WindowsStandalone target not found
Native extension for WebGL target not found
Refreshing native plugins compatible for Editor in 179.82 ms, found 0 plugins.
Preloading 0 native plugins for Editor in 0.00 ms.
Invoked RoslynAnalysisRunner static constructor.
RoslynAnalysisRunner will not be running.
RoslynAnalysisRunner has terminated.
Mono: successfully reloaded assembly
- Completed reload, in  5.555 seconds
Platform modules already initialized, skipping
Registering precompiled user dll's ...
Registered in 0.003628 seconds.
Begin MonoManager ReloadAssembly
Native extension for WindowsStandalone target not found
Native extension for WebGL target not found
Refreshing native plugins compatible for Editor in 130.37 ms, found 0 plugins.
Preloading 0 native plugins for Editor in 0.00 ms.
Invoked RoslynAnalysisRunner static constructor.
RoslynAnalysisRunner will not be running.
RoslynAnalysisRunner has terminated.
Mono: successfully reloaded assembly
- Completed reload, in  5.574 seconds
Platform modules already initialized, skipping
========================================================================
Worker process is ready to serve import requests
Shader 'Universal Render Pipeline/Particles/Lit': fallback shader 'Universal Render Pipeline/Particles/SimpleLit' not found
Launched and connected shader compiler UnityShaderCompiler.exe after 0.10 seconds
Refreshing native plugins compatible for Editor in 0.94 ms, found 0 plugins.
Preloading 0 native plugins for Editor in 0.00 ms.
Unloading 2420 Unused Serialized files (Serialized files now loaded: 0)
System memory in use before: 206.6 MB.
System memory in use after: 205.0 MB.

Unloading 39 unused Assets to reduce memory usage. Loaded Objects now: 2861.
Total: 6.649400 ms (FindLiveObjects: 0.567000 ms CreateObjectMapping: 0.152100 ms MarkObjects: 3.613300 ms  DeleteObjects: 2.314100 ms)

========================================================================
Received Import Request.
  path: Assets/polyperfect/Low Poly Animated Animals/- Prefabs/Nature/bamboo-leaves.prefab
  artifactKey: Guid(62fd7e46f2d0940749fb66c9443ff3c0) Importer(815301076,1909f56bfc062723c751e8b465ee728b)
Start importing Assets/polyperfect/Low Poly Animated Animals/- Prefabs/Nature/bamboo-leaves.prefab using Guid(62fd7e46f2d0940749fb66c9443ff3c0) Importer(815301076,1909f56bfc062723c751e8b465ee728b)  -> (artifact id: '96f2c8e32ba00475ba306ef02e924713') in 0.743711 seconds
  Import took 0.753890 seconds .

========================================================================
Received Import Request.
  Time since last request: 0.000423 seconds.
  path: Packages/com.unity.render-pipelines.core/Runtime/Debugging/Prefabs/Widgets/DebugUI EnumHistory.prefab
  artifactKey: Guid(b2da6b27df236b144b3516ed8e7d36ac) Importer(815301076,1909f56bfc062723c751e8b465ee728b)
Start importing Packages/com.unity.render-pipelines.core/Runtime/Debugging/Prefabs/Widgets/DebugUI EnumHistory.prefab using Guid(b2da6b27df236b144b3516ed8e7d36ac) Importer(815301076,1909f56bfc062723c751e8b465ee728b)  -> (artifact id: 'df92091e1198f1dfe080344d5285a068') in 0.065394 seconds
  Import took 0.078487 seconds .

========================================================================
Received Import Request.
  Time since last request: 0.000412 seconds.
  path: Assets/polyperfect/Low Poly Animated Animals/- Prefabs/Animals/DEMO/Seagul.prefab
  artifactKey: Guid(1480ce673e7a841369926e9115e65ff0) Importer(815301076,1909f56bfc062723c751e8b465ee728b)
Start importing Assets/polyperfect/Low Poly Animated Animals/- Prefabs/Animals/DEMO/Seagul.prefab using Guid(1480ce673e7a841369926e9115e65ff0) Importer(815301076,1909f56bfc062723c751e8b465ee728b)  -> (artifact id: 'd3688d29e7e71a715ba62316315b0030') in 0.245101 seconds
  Import took 0.259647 seconds .

========================================================================
Received Import Request.
  Time since last request: 0.000376 seconds.
  path: Assets/polyperfect/Low Poly Animated Animals/- Prefabs/Animals/Gorilla Brown.prefab
  artifactKey: Guid(166de651131410845bbf9789550f6ea0) Importer(815301076,1909f56bfc062723c751e8b465ee728b)
Start importing Assets/polyperfect/Low Poly Animated Animals/- Prefabs/Animals/Gorilla Brown.prefab using Guid(166de651131410845bbf9789550f6ea0) Importer(815301076,1909f56bfc062723c751e8b465ee728b)  -> (artifact id: 'be9b2f6c04604954b78ad0ceb0646eed') in 0.505209 seconds
  Import took 0.518645 seconds .

========================================================================
Received Import Request.
  Time since last request: 0.000400 seconds.
  path: Assets/polyperfect/Low Poly Animated Animals/- Prefabs/Animals/Cat Orange.prefab
  artifactKey: Guid(7efd45947c60593499aa27f27b2fc943) Importer(815301076,1909f56bfc062723c751e8b465ee728b)
Start importing Assets/polyperfect/Low Poly Animated Animals/- Prefabs/Animals/Cat Orange.prefab using Guid(7efd45947c60593499aa27f27b2fc943) Importer(815301076,1909f56bfc062723c751e8b465ee728b)  -> (artifact id: '8e957e422905972bca9332632467b83b') in 0.910983 seconds
  Import took 0.927051 seconds .

========================================================================
Received Import Request.
  Time since last request: 0.000441 seconds.
  path: Assets/polyperfect/Low Poly Animated Animals/- Prefabs/Animals/Dog-GreatDane.prefab
  artifactKey: Guid(3530aa07ed1fa41bd899b6d9780d97ad) Importer(815301076,1909f56bfc062723c751e8b465ee728b)
Start importing Assets/polyperfect/Low Poly Animated Animals/- Prefabs/Animals/Dog-GreatDane.prefab using Guid(3530aa07ed1fa41bd899b6d9780d97ad) Importer(815301076,1909f56bfc062723c751e8b465ee728b)  -> (artifact id: 'f0e9654370ef045107d712a4d796e2ac') in 0.331943 seconds
  Import took 0.340945 seconds .

========================================================================
Received Import Request.
  Time since last request: 0.000437 seconds.
  path: Assets/polyperfect/Low Poly Animated Animals/- Prefabs/Animals/Crocodile.prefab
  artifactKey: Guid(e0e6ac992a860c4468d220dfdd803cab) Importer(815301076,1909f56bfc062723c751e8b465ee728b)
Start importing Assets/polyperfect/Low Poly Animated Animals/- Prefabs/Animals/Crocodile.prefab using Guid(e0e6ac992a860c4468d220dfdd803cab) Importer(815301076,1909f56bfc062723c751e8b465ee728b)  -> (artifact id: '762ca07a46357a14cf64b54c8148ddc3') in 0.372195 seconds
  Import took 0.382044 seconds .

========================================================================
Received Import Request.
  Time since last request: 0.000421 seconds.
  path: Assets/polyperfect/Low Poly Animated Animals/- Prefabs/Nature/stone-flat.prefab
  artifactKey: Guid(0f6c3c2b59a164fdaa30536d7278dc0a) Importer(815301076,1909f56bfc062723c751e8b465ee728b)
Start importing Assets/polyperfect/Low Poly Animated Animals/- Prefabs/Nature/stone-flat.prefab using Guid(0f6c3c2b59a164fdaa30536d7278dc0a) Importer(815301076,1909f56bfc062723c751e8b465ee728b)  -> (artifact id: '416b40e9c4511a8627ad8efd404b13ef') in 0.156726 seconds
  Import took 0.163882 seconds .

========================================================================
Received Import Request.
  Time since last request: 0.000490 seconds.
  path: Assets/polyperfect/Low Poly Animated Animals/- Prefabs/Animals/DEMO/Deer.prefab
  artifactKey: Guid(31ac114fcb19c4c358a554a43dd43b30) Importer(815301076,1909f56bfc062723c751e8b465ee728b)
Start importing Assets/polyperfect/Low Poly Animated Animals/- Prefabs/Animals/DEMO/Deer.prefab using Guid(31ac114fcb19c4c358a554a43dd43b30) Importer(815301076,1909f56bfc062723c751e8b465ee728b)  -> (artifact id: '9e5891a853430729e4b9610cbebfc4b8') in 0.625069 seconds
  Import took 0.641005 seconds .

========================================================================
Received Import Request.
  Time since last request: 0.000583 seconds.
  path: Assets/polyperfect/Low Poly Animated Animals/- Prefabs/Nature/tree-trunk.prefab
  artifactKey: Guid(1ab418e4a3c7c4e7cb30ea72dcaadb75) Importer(815301076,1909f56bfc062723c751e8b465ee728b)
Start importing Assets/polyperfect/Low Poly Animated Animals/- Prefabs/Nature/tree-trunk.prefab using Guid(1ab418e4a3c7c4e7cb30ea72dcaadb75) Importer(815301076,1909f56bfc062723c751e8b465ee728b)  -> (artifact id: 'd1f2a6f4249c6f321240a7323a370695') in 0.148311 seconds
  Import took 0.155690 seconds .

========================================================================
Received Import Request.
  Time since last request: 0.000396 seconds.
  path: Packages/com.unity.render-pipelines.core/Runtime/Debugging/Prefabs/Widgets/DebugUI ToggleHistory.prefab
  artifactKey: Guid(5088d0220f0c4df439cf06c5c270eacb) Importer(815301076,1909f56bfc062723c751e8b465ee728b)
Start importing Packages/com.unity.render-pipelines.core/Runtime/Debugging/Prefabs/Widgets/DebugUI ToggleHistory.prefab using Guid(5088d0220f0c4df439cf06c5c270eacb) Importer(815301076,1909f56bfc062723c751e8b465ee728b)  -> (artifact id: 'ff2b550f3f9ac75f4b3ea590dc5190eb') in 0.090234 seconds
  Import took 0.098572 seconds .

========================================================================
Received Import Request.
  Time since last request: 0.003226 seconds.
  path: Assets/polyperfect/Low Poly Animated Animals/- Prefabs/Animals/Seagul.prefab
  artifactKey: Guid(70d97733042ab774ab2df5cd87b89efb) Importer(815301076,1909f56bfc062723c751e8b465ee728b)
Start importing Assets/polyperfect/Low Poly Animated Animals/- Prefabs/Animals/Seagul.prefab using Guid(70d97733042ab774ab2df5cd87b89efb) Importer(815301076,1909f56bfc062723c751e8b465ee728b)  -> (artifact id: '7040848a539fd23413f0fa34ac93f8c8') in 0.137921 seconds
  Import took 0.147260 seconds .

========================================================================
Received Import Request.
  Time since last request: 0.000409 seconds.
  path: Assets/polyperfect/Low Poly Animated Animals/- Prefabs/Animals/Bear.prefab
  artifactKey: Guid(fc3da0b1b2ade5f4b862ae549728831f) Importer(815301076,1909f56bfc062723c751e8b465ee728b)
Start importing Assets/polyperfect/Low Poly Animated Animals/- Prefabs/Animals/Bear.prefab using Guid(fc3da0b1b2ade5f4b862ae549728831f) Importer(815301076,1909f56bfc062723c751e8b465ee728b)  -> (artifact id: 'f9605df0a89b038a736a8ab2813aaa67') in 0.412677 seconds
  Import took 0.422079 seconds .

========================================================================
Received Import Request.
  Time since last request: 0.000454 seconds.
  path: Assets/polyperfect/Low Poly Animated Animals/- Prefabs/Props/fence-classic.prefab
  artifactKey: Guid(5b5ea93c44ed4437781305935ec54576) Importer(815301076,1909f56bfc062723c751e8b465ee728b)
Start importing Assets/polyperfect/Low Poly Animated Animals/- Prefabs/Props/fence-classic.prefab using Guid(5b5ea93c44ed4437781305935ec54576) Importer(815301076,1909f56bfc062723c751e8b465ee728b)  -> (artifact id: 'f172633404ce5f8d7c7ee6731e204500') in 0.152763 seconds
  Import took 0.160460 seconds .

========================================================================
Received Import Request.
  Time since last request: 0.000411 seconds.
  path: Assets/polyperfect/Low Poly Animated Animals/- Prefabs/Nature/floe.prefab
  artifactKey: Guid(b5423645bcfb34c0e97178ade782aae4) Importer(815301076,1909f56bfc062723c751e8b465ee728b)
Start importing Assets/polyperfect/Low Poly Animated Animals/- Prefabs/Nature/floe.prefab using Guid(b5423645bcfb34c0e97178ade782aae4) Importer(815301076,1909f56bfc062723c751e8b465ee728b)  -> (artifact id: '3fd81d45c948bdef4bab3584821a3ba7') in 0.152560 seconds
  Import took 0.163325 seconds .

========================================================================
Received Import Request.
  Time since last request: 0.000384 seconds.
  path: Assets/polyperfect/Low Poly Animated Animals/- Prefabs/Animals/DEMO/Giraffe.prefab
  artifactKey: Guid(56b52d48de33242fdaf9b0b34b2ce076) Importer(815301076,1909f56bfc062723c751e8b465ee728b)
Start importing Assets/polyperfect/Low Poly Animated Animals/- Prefabs/Animals/DEMO/Giraffe.prefab using Guid(56b52d48de33242fdaf9b0b34b2ce076) Importer(815301076,1909f56bfc062723c751e8b465ee728b)  -> (artifact id: '91ac5bf0525956fe6d38536812213497') in 0.256966 seconds
  Import took 0.266009 seconds .

========================================================================
Received Import Request.
  Time since last request: 0.000405 seconds.
  path: Packages/com.unity.render-pipelines.core/Runtime/Debugging/Prefabs/Widgets/DebugUI Panel.prefab
  artifactKey: Guid(daa46a58178a6ad41ae1ddc2dc7f856d) Importer(815301076,1909f56bfc062723c751e8b465ee728b)
Start importing Packages/com.unity.render-pipelines.core/Runtime/Debugging/Prefabs/Widgets/DebugUI Panel.prefab using Guid(daa46a58178a6ad41ae1ddc2dc7f856d) Importer(815301076,1909f56bfc062723c751e8b465ee728b)  -> (artifact id: 'dff4c9bfd435adaf029981934858b57c') in 0.078674 seconds
  Import took 0.086929 seconds .

========================================================================
Received Import Request.
  Time since last request: 0.000448 seconds.
  path: Assets/polyperfect/Low Poly Animated Animals/- Prefabs/Nature/leaf-maple-simple.prefab
  artifactKey: Guid(85adf5b7ef98e4c928db93ceffd73a00) Importer(815301076,1909f56bfc062723c751e8b465ee728b)
Start importing Assets/polyperfect/Low Poly Animated Animals/- Prefabs/Nature/leaf-maple-simple.prefab using Guid(85adf5b7ef98e4c928db93ceffd73a00) Importer(815301076,1909f56bfc062723c751e8b465ee728b)  -> (artifact id: 'fe27aca7aa5508c9824fe7caa7624adc') in 0.167082 seconds
  Import took 0.174936 seconds .

========================================================================
Received Import Request.
  Time since last request: 0.000391 seconds.
  path: Assets/polyperfect/Low Poly Animated Animals/- Prefabs/Animals/Deer.prefab
  artifactKey: Guid(3a9b422ae305e3b49aadf8ece0bfa915) Importer(815301076,1909f56bfc062723c751e8b465ee728b)
Start importing Assets/polyperfect/Low Poly Animated Animals/- Prefabs/Animals/Deer.prefab using Guid(3a9b422ae305e3b49aadf8ece0bfa915) Importer(815301076,1909f56bfc062723c751e8b465ee728b)  -> (artifact id: '73c7a15fb78574691b5af6ebbccfa0d9') in 0.547070 seconds
  Import took 0.562551 seconds .

========================================================================
Received Import Request.
  Time since last request: 0.000439 seconds.
  path: Assets/polyperfect/Low Poly Animated Animals/- Prefabs/UI/button.prefab
  artifactKey: Guid(5389548e06b86a043b3649e0edce3590) Importer(815301076,1909f56bfc062723c751e8b465ee728b)
Start importing Assets/polyperfect/Low Poly Animated Animals/- Prefabs/UI/button.prefab using Guid(5389548e06b86a043b3649e0edce3590) Importer(815301076,1909f56bfc062723c751e8b465ee728b)  -> (artifact id: '6bcdf8919457a238272061b4851d6641') in 0.059597 seconds
  Import took 0.072337 seconds .

========================================================================
Received Import Request.
  Time since last request: 0.000425 seconds.
  path: Assets/polyperfect/Low Poly Animated Animals/- Prefabs/Animals/DEMO/Wolf.prefab
  artifactKey: Guid(f406d1c0c739e449f904bf3954f17620) Importer(815301076,1909f56bfc062723c751e8b465ee728b)
Start importing Assets/polyperfect/Low Poly Animated Animals/- Prefabs/Animals/DEMO/Wolf.prefab using Guid(f406d1c0c739e449f904bf3954f17620) Importer(815301076,1909f56bfc062723c751e8b465ee728b)  -> (artifact id: '006076b5795d6bf805b0c9a10d6bc2aa') in 0.482656 seconds
  Import took 0.503299 seconds .

========================================================================
Received Import Request.
  Time since last request: 0.000376 seconds.
  path: Assets/polyperfect/Low Poly Animated Animals/- Prefabs/Animals/DEMO/Dog-GoldenRetriever.prefab
  artifactKey: Guid(38ce382cb2ca74f3d8efb95fdb210e18) Importer(815301076,1909f56bfc062723c751e8b465ee728b)
Start importing Assets/polyperfect/Low Poly Animated Animals/- Prefabs/Animals/DEMO/Dog-GoldenRetriever.prefab using Guid(38ce382cb2ca74f3d8efb95fdb210e18) Importer(815301076,1909f56bfc062723c751e8b465ee728b)  -> (artifact id: '6df498c87cb98b703e6257172db23e8d') in 0.323110 seconds
  Import took 0.332498 seconds .

========================================================================
Received Import Request.
  Time since last request: 0.000403 seconds.
  path: Assets/polyperfect/Low Poly Animated Animals/- Prefabs/Animals/DEMO/Dog-GreatDane.prefab
  artifactKey: Guid(02c3eb1e1eeca4a0baacfbead60eaa90) Importer(815301076,1909f56bfc062723c751e8b465ee728b)
Start importing Assets/polyperfect/Low Poly Animated Animals/- Prefabs/Animals/DEMO/Dog-GreatDane.prefab using Guid(02c3eb1e1eeca4a0baacfbead60eaa90) Importer(815301076,1909f56bfc062723c751e8b465ee728b)  -> (artifact id: '23edd5c157481e76fbba72df435255aa') in 0.216010 seconds
  Import took 0.225327 seconds .

========================================================================
Received Import Request.
  Time since last request: 0.000403 seconds.
  path: Assets/polyperfect/Low Poly Animated Animals/- Prefabs/Animals/Fish.prefab
  artifactKey: Guid(a61d0b4c41dabf548be1eb07e22d847a) Importer(815301076,1909f56bfc062723c751e8b465ee728b)
Start importing Assets/polyperfect/Low Poly Animated Animals/- Prefabs/Animals/Fish.prefab using Guid(a61d0b4c41dabf548be1eb07e22d847a) Importer(815301076,1909f56bfc062723c751e8b465ee728b)  -> (artifact id: 'e0011ef2209a5ae2b8173c2ba4831901') in 0.160817 seconds
  Import took 0.168805 seconds .

========================================================================
Received Import Request.
  Time since last request: 0.000400 seconds.
  path: Assets/polyperfect/Low Poly Animated Animals/- Prefabs/Animals/DEMO/Cow.prefab
  artifactKey: Guid(f33d28b62654f43548073eac88ec2e43) Importer(815301076,1909f56bfc062723c751e8b465ee728b)
Start importing Assets/polyperfect/Low Poly Animated Animals/- Prefabs/Animals/DEMO/Cow.prefab using Guid(f33d28b62654f43548073eac88ec2e43) Importer(815301076,1909f56bfc062723c751e8b465ee728b)  -> (artifact id: 'ce624b67cec02bc94092ee97ae7ed6fe') in 0.400098 seconds
  Import took 0.415892 seconds .

========================================================================
Received Import Request.
  Time since last request: 0.000416 seconds.
  path: Assets/polyperfect/Low Poly Animated Animals/- Prefabs/Animals/Snake Yellow.prefab
  artifactKey: Guid(d1b394efe4dbeb14f8a20e2e04bf1d80) Importer(815301076,1909f56bfc062723c751e8b465ee728b)
Start importing Assets/polyperfect/Low Poly Animated Animals/- Prefabs/Animals/Snake Yellow.prefab using Guid(d1b394efe4dbeb14f8a20e2e04bf1d80) Importer(815301076,1909f56bfc062723c751e8b465ee728b)  -> (artifact id: '4f314fbbaae8d79ccf2a0ee7ff4e4dc4') in 1.150408 seconds
  Import took 1.159111 seconds .

========================================================================
Received Import Request.
  Time since last request: 0.000448 seconds.
  path: Assets/polyperfect/Low Poly Animated Animals/- Prefabs/Animals/Shark Black.prefab
  artifactKey: Guid(60f0387c246cf014aad3931e71e20959) Importer(815301076,1909f56bfc062723c751e8b465ee728b)
Start importing Assets/polyperfect/Low Poly Animated Animals/- Prefabs/Animals/Shark Black.prefab using Guid(60f0387c246cf014aad3931e71e20959) Importer(815301076,1909f56bfc062723c751e8b465ee728b)  -> (artifact id: '331cf05924a701b5b651a75c9f653e22') in 0.204066 seconds
  Import took 0.211998 seconds .

========================================================================
Received Import Request.
  Time since last request: 0.000406 seconds.
  path: Assets/polyperfect/Low Poly Animated Animals/- Prefabs/Animals/Dog-Chihuahua.prefab
  artifactKey: Guid(7d00f2b1ff01045718e9dbb76d481352) Importer(815301076,1909f56bfc062723c751e8b465ee728b)
Start importing Assets/polyperfect/Low Poly Animated Animals/- Prefabs/Animals/Dog-Chihuahua.prefab using Guid(7d00f2b1ff01045718e9dbb76d481352) Importer(815301076,1909f56bfc062723c751e8b465ee728b)  -> (artifact id: 'b826f524bae72ecdbbb5fac647d6ceff') in 0.286433 seconds
  Import took 0.295295 seconds .

========================================================================
Received Import Request.
  Time since last request: 0.000448 seconds.
  path: Assets/polyperfect/Low Poly Animated Animals/- Prefabs/Nature/mushroom-toadstool.prefab
  artifactKey: Guid(7cb53249603bf4885aaa12c74d647840) Importer(815301076,1909f56bfc062723c751e8b465ee728b)
Start importing Assets/polyperfect/Low Poly Animated Animals/- Prefabs/Nature/mushroom-toadstool.prefab using Guid(7cb53249603bf4885aaa12c74d647840) Importer(815301076,1909f56bfc062723c751e8b465ee728b)  -> (artifact id: 'c978321b4c95e990996e7ea48e91203b') in 0.154136 seconds
  Import took 0.162220 seconds .

========================================================================
Received Import Request.
  Time since last request: 0.000440 seconds.
  path: Assets/polyperfect/Low Poly Animated Animals/- Prefabs/Animals/Wolf Black.prefab
  artifactKey: Guid(54f08473df2a94348a95272458da3885) Importer(815301076,1909f56bfc062723c751e8b465ee728b)
Start importing Assets/polyperfect/Low Poly Animated Animals/- Prefabs/Animals/Wolf Black.prefab using Guid(54f08473df2a94348a95272458da3885) Importer(815301076,1909f56bfc062723c751e8b465ee728b)  -> (artifact id: '678a342cc5f3ef402516e9821f198359') in 0.382513 seconds
  Import took 0.396253 seconds .

========================================================================
Received Import Request.
  Time since last request: 0.000536 seconds.
  path: Assets/polyperfect/Low Poly Animated Animals/- Prefabs/Animals/Dog-GreatDane Black.prefab
  artifactKey: Guid(2724ea9d48f53a64299a8e5616a496c8) Importer(815301076,1909f56bfc062723c751e8b465ee728b)
Start importing Assets/polyperfect/Low Poly Animated Animals/- Prefabs/Animals/Dog-GreatDane Black.prefab using Guid(2724ea9d48f53a64299a8e5616a496c8) Importer(815301076,1909f56bfc062723c751e8b465ee728b)  -> (artifact id: '0f87d7a49536cfa6a66f2d7b15607e17') in 0.208875 seconds
  Import took 0.221308 seconds .

========================================================================
Received Import Request.
  Time since last request: 0.000423 seconds.
  path: Assets/polyperfect/Low Poly Animated Animals/- Prefabs/Animals/Horse Grey.prefab
  artifactKey: Guid(3d5455030e8b8484c959b12ec1ec124b) Importer(815301076,1909f56bfc062723c751e8b465ee728b)
Start importing Assets/polyperfect/Low Poly Animated Animals/- Prefabs/Animals/Horse Grey.prefab using Guid(3d5455030e8b8484c959b12ec1ec124b) Importer(815301076,1909f56bfc062723c751e8b465ee728b)  -> (artifact id: '8fed9cd927d5c6c541e9b2d27688daa4') in 0.374675 seconds
  Import took 0.385443 seconds .

========================================================================
Received Import Request.
  Time since last request: 0.000504 seconds.
  path: Assets/polyperfect/Low Poly Animated Animals/- Prefabs/Nature/leaf-plane.prefab
  artifactKey: Guid(7514b26b8c678431d8f9a9491a5abdcc) Importer(815301076,1909f56bfc062723c751e8b465ee728b)
Start importing Assets/polyperfect/Low Poly Animated Animals/- Prefabs/Nature/leaf-plane.prefab using Guid(7514b26b8c678431d8f9a9491a5abdcc) Importer(815301076,1909f56bfc062723c751e8b465ee728b)  -> (artifact id: '367af278774e5a05b10d44aecc447224') in 0.141333 seconds
  Import took 0.152219 seconds .

========================================================================
Received Import Request.
  Time since last request: 0.000406 seconds.
  path: Assets/polyperfect/Low Poly Animated Animals/- Prefabs/Animals/Wolf Grey.prefab
  artifactKey: Guid(1159fbfcf2d66ee4b896abb3e41d47c4) Importer(815301076,1909f56bfc062723c751e8b465ee728b)
Start importing Assets/polyperfect/Low Poly Animated Animals/- Prefabs/Animals/Wolf Grey.prefab using Guid(1159fbfcf2d66ee4b896abb3e41d47c4) Importer(815301076,1909f56bfc062723c751e8b465ee728b)  -> (artifact id: '83e3bf628e93f9bd2b1a9cbdce7aaff7') in 0.393580 seconds
  Import took 0.407480 seconds .

========================================================================
Received Import Request.
  Time since last request: 0.000428 seconds.
  path: Assets/polyperfect/Low Poly Animated Animals/- Prefabs/Animals/DEMO/Bear_polar.prefab
  artifactKey: Guid(b808c2a59943f4e82824567db55f03e1) Importer(815301076,1909f56bfc062723c751e8b465ee728b)
Start importing Assets/polyperfect/Low Poly Animated Animals/- Prefabs/Animals/DEMO/Bear_polar.prefab using Guid(b808c2a59943f4e82824567db55f03e1) Importer(815301076,1909f56bfc062723c751e8b465ee728b)  -> (artifact id: 'b8ace1ecc829ca17fa497939dbeb6c47') in 0.276234 seconds
  Import took 0.289845 seconds .

========================================================================
Received Import Request.
  Time since last request: 0.000400 seconds.
  path: Assets/polyperfect/Low Poly Animated Animals/- Prefabs/Animals/DEMO/Bear.prefab
  artifactKey: Guid(ce467225a50fe4d6f831c74165c7cdfa) Importer(815301076,1909f56bfc062723c751e8b465ee728b)
Start importing Assets/polyperfect/Low Poly Animated Animals/- Prefabs/Animals/DEMO/Bear.prefab using Guid(ce467225a50fe4d6f831c74165c7cdfa) Importer(815301076,1909f56bfc062723c751e8b465ee728b)  -> (artifact id: 'a814fe78ec2a77082b897737d3381901') in 0.268170 seconds
  Import took 0.277741 seconds .

========================================================================
Received Import Request.
  Time since last request: 0.000417 seconds.
  path: Packages/com.unity.render-pipelines.core/Runtime/Debugging/Prefabs/Widgets/DebugUI Vector3.prefab
  artifactKey: Guid(94afea5f242d72547979595ba963f335) Importer(815301076,1909f56bfc062723c751e8b465ee728b)
Start importing Packages/com.unity.render-pipelines.core/Runtime/Debugging/Prefabs/Widgets/DebugUI Vector3.prefab using Guid(94afea5f242d72547979595ba963f335) Importer(815301076,1909f56bfc062723c751e8b465ee728b)  -> (artifact id: '347aa938867ee5d1b9245c877f46c35a') in 0.088001 seconds
  Import took 0.096367 seconds .

========================================================================
Received Import Request.
  Time since last request: 0.005267 seconds.
  path: Assets/polyperfect/Low Poly Animated Animals/- Prefabs/Nature/ground-cracked.prefab
  artifactKey: Guid(5c5dc77a75a234354a770cd9149a9166) Importer(815301076,1909f56bfc062723c751e8b465ee728b)
Start importing Assets/polyperfect/Low Poly Animated Animals/- Prefabs/Nature/ground-cracked.prefab using Guid(5c5dc77a75a234354a770cd9149a9166) Importer(815301076,1909f56bfc062723c751e8b465ee728b)  -> (artifact id: '1fd48749c45a3c0a30c025a198822e29') in 0.149110 seconds
  Import took 0.158825 seconds .

========================================================================
Received Import Request.
  Time since last request: 0.000434 seconds.
  path: Assets/polyperfect/Low Poly Animated Animals/- Prefabs/Animals/Horse Black.prefab
  artifactKey: Guid(c495d8b43fce1e94f8716eb35080cb91) Importer(815301076,1909f56bfc062723c751e8b465ee728b)
Start importing Assets/polyperfect/Low Poly Animated Animals/- Prefabs/Animals/Horse Black.prefab using Guid(c495d8b43fce1e94f8716eb35080cb91) Importer(815301076,1909f56bfc062723c751e8b465ee728b)  -> (artifact id: '1751ffde1a17f25a6ddb28705d0d0fb6') in 0.253584 seconds
  Import took 0.264635 seconds .

========================================================================
Received Import Request.
  Time since last request: 0.000416 seconds.
  path: Assets/polyperfect/Low Poly Animated Animals/- Prefabs/Nature/skull-human.prefab
  artifactKey: Guid(bcb99a89be7cb4861b8b9cc63086322f) Importer(815301076,1909f56bfc062723c751e8b465ee728b)
Start importing Assets/polyperfect/Low Poly Animated Animals/- Prefabs/Nature/skull-human.prefab using Guid(bcb99a89be7cb4861b8b9cc63086322f) Importer(815301076,1909f56bfc062723c751e8b465ee728b)  -> (artifact id: '5b1efc4c4929c955b342c0393d44457d') in 0.156833 seconds
  Import took 0.164486 seconds .

========================================================================
Received Import Request.
  Time since last request: 0.000374 seconds.
  path: Assets/polyperfect/Low Poly Animated Animals/- Prefabs/Animals/DEMO/Rabbit.prefab
  artifactKey: Guid(ea2deeacba3a84df18be6183612ea07d) Importer(815301076,1909f56bfc062723c751e8b465ee728b)
Start importing Assets/polyperfect/Low Poly Animated Animals/- Prefabs/Animals/DEMO/Rabbit.prefab using Guid(ea2deeacba3a84df18be6183612ea07d) Importer(815301076,1909f56bfc062723c751e8b465ee728b)  -> (artifact id: '616585296eff4c3b2a046502a70fdcbf') in 0.598494 seconds
  Import took 0.612962 seconds .

========================================================================
Received Import Request.
  Time since last request: 0.000472 seconds.
  path: Assets/polyperfect/Low Poly Animated Animals/- Prefabs/Animals/Polar Bear.prefab
  artifactKey: Guid(6ee0769bd911abd4aad799c0b81cab00) Importer(815301076,1909f56bfc062723c751e8b465ee728b)
Start importing Assets/polyperfect/Low Poly Animated Animals/- Prefabs/Animals/Polar Bear.prefab using Guid(6ee0769bd911abd4aad799c0b81cab00) Importer(815301076,1909f56bfc062723c751e8b465ee728b)  -> (artifact id: '8296b1afcf0e385f6b5bd793ff4837db') in 0.252147 seconds
  Import took 0.261953 seconds .

========================================================================
Received Import Request.
  Time since last request: 0.000495 seconds.
  path: Assets/polyperfect/Low Poly Animated Animals/- Prefabs/Animals/Shark White.prefab
  artifactKey: Guid(8f52d003b4269954485d3d0b9ed4139f) Importer(815301076,1909f56bfc062723c751e8b465ee728b)
Start importing Assets/polyperfect/Low Poly Animated Animals/- Prefabs/Animals/Shark White.prefab using Guid(8f52d003b4269954485d3d0b9ed4139f) Importer(815301076,1909f56bfc062723c751e8b465ee728b)  -> (artifact id: '754691ab43eb5e1f326aea25525ad025') in 0.128558 seconds
  Import took 0.137264 seconds .

========================================================================
Received Import Request.
  Time since last request: 0.000393 seconds.
  path: Assets/polyperfect/Low Poly Animated Animals/- Prefabs/Animals/Gorilla Silver.prefab
  artifactKey: Guid(343956e15ca614042b6c7eae1aceb95f) Importer(815301076,1909f56bfc062723c751e8b465ee728b)
Start importing Assets/polyperfect/Low Poly Animated Animals/- Prefabs/Animals/Gorilla Silver.prefab using Guid(343956e15ca614042b6c7eae1aceb95f) Importer(815301076,1909f56bfc062723c751e8b465ee728b)  -> (artifact id: '5aa31322069f5a92d120ca88f63f6f98') in 0.354114 seconds
  Import took 0.368380 seconds .

========================================================================
Received Import Request.
  Time since last request: 0.000507 seconds.
  path: Assets/polyperfect/Low Poly Animated Animals/- Prefabs/Animals/Deer Gray.prefab
  artifactKey: Guid(ed4615b93521e4b46a0973aa03b94732) Importer(815301076,1909f56bfc062723c751e8b465ee728b)
Start importing Assets/polyperfect/Low Poly Animated Animals/- Prefabs/Animals/Deer Gray.prefab using Guid(ed4615b93521e4b46a0973aa03b94732) Importer(815301076,1909f56bfc062723c751e8b465ee728b)  -> (artifact id: '8b380318c40491813a06edaf9e7ba71d') in 0.546360 seconds
  Import took 0.562262 seconds .

========================================================================
Received Import Request.
  Time since last request: 0.000501 seconds.
  path: Packages/com.unity.render-pipelines.core/Runtime/Debugging/Prefabs/Widgets/DebugUI Vector4.prefab
  artifactKey: Guid(d47f009476100f545971a81ede14c750) Importer(815301076,1909f56bfc062723c751e8b465ee728b)
Start importing Packages/com.unity.render-pipelines.core/Runtime/Debugging/Prefabs/Widgets/DebugUI Vector4.prefab using Guid(d47f009476100f545971a81ede14c750) Importer(815301076,1909f56bfc062723c751e8b465ee728b)  -> (artifact id: '2baffc9440bdac09ac2f5f62f393d72c') in 0.038690 seconds
  Import took 0.048683 seconds .

========================================================================
Received Import Request.
  Time since last request: 0.000454 seconds.
  path: Packages/com.unity.render-pipelines.core/Runtime/Debugging/Prefabs/Widgets/DebugUI IntField.prefab
  artifactKey: Guid(ae00bb75e0cd5b04b8fe7fb4ab662629) Importer(815301076,1909f56bfc062723c751e8b465ee728b)
Start importing Packages/com.unity.render-pipelines.core/Runtime/Debugging/Prefabs/Widgets/DebugUI IntField.prefab using Guid(ae00bb75e0cd5b04b8fe7fb4ab662629) Importer(815301076,1909f56bfc062723c751e8b465ee728b)  -> (artifact id: 'ca1c0590ccb26f45fd598b8f84916198') in 0.030147 seconds
  Import took 0.039487 seconds .

========================================================================
Received Import Request.
  Time since last request: 0.000598 seconds.
  path: Assets/polyperfect/Low Poly Animated Animals/- Prefabs/Nature/cactus-big.prefab
  artifactKey: Guid(8951f907d878f44288d2ea37b5a0f9e3) Importer(815301076,1909f56bfc062723c751e8b465ee728b)
Start importing Assets/polyperfect/Low Poly Animated Animals/- Prefabs/Nature/cactus-big.prefab using Guid(8951f907d878f44288d2ea37b5a0f9e3) Importer(815301076,1909f56bfc062723c751e8b465ee728b)  -> (artifact id: 'b98865be96252724e3fbf9e01f712374') in 0.170123 seconds
  Import took 0.180067 seconds .

========================================================================
Received Import Request.
  Time since last request: 0.000394 seconds.
  path: Assets/polyperfect/Low Poly Animated Animals/- Prefabs/Nature/coral_yellow.prefab
  artifactKey: Guid(15b8649ecf421464586d535eba312f17) Importer(815301076,1909f56bfc062723c751e8b465ee728b)
Start importing Assets/polyperfect/Low Poly Animated Animals/- Prefabs/Nature/coral_yellow.prefab using Guid(15b8649ecf421464586d535eba312f17) Importer(815301076,1909f56bfc062723c751e8b465ee728b)  -> (artifact id: 'cf1afd50cb3dd6229005177430fe4eb7') in 0.142808 seconds
  Import took 0.150374 seconds .

========================================================================
Received Import Request.
  Time since last request: 0.000426 seconds.
  path: Assets/polyperfect/Low Poly Animated Animals/- Prefabs/Animals/Cow Black.prefab
  artifactKey: Guid(82432984c7cfb7f40af9d8caaf71f926) Importer(815301076,1909f56bfc062723c751e8b465ee728b)
Start importing Assets/polyperfect/Low Poly Animated Animals/- Prefabs/Animals/Cow Black.prefab using Guid(82432984c7cfb7f40af9d8caaf71f926) Importer(815301076,1909f56bfc062723c751e8b465ee728b)  -> (artifact id: 'ef4178a2facebc35ebc55544230950c6') in 0.337825 seconds
  Import took 0.350660 seconds .

========================================================================
Received Import Request.
  Time since last request: 0.000567 seconds.
  path: Assets/polyperfect/Low Poly Animated Animals/- Prefabs/Animals/DEMO/Penguin.prefab
  artifactKey: Guid(2e427f555f3f340c7a65546ad2a81a7a) Importer(815301076,1909f56bfc062723c751e8b465ee728b)
Start importing Assets/polyperfect/Low Poly Animated Animals/- Prefabs/Animals/DEMO/Penguin.prefab using Guid(2e427f555f3f340c7a65546ad2a81a7a) Importer(815301076,1909f56bfc062723c751e8b465ee728b)  -> (artifact id: '0c8f7d0b58d131164763e5a0e3caf727') in 0.290752 seconds
  Import took 0.305142 seconds .

========================================================================
Received Import Request.
  Time since last request: 0.000394 seconds.
  path: Assets/polyperfect/Low Poly Animated Animals/- Prefabs/Animals/Dog-GoldenRetriever.prefab
  artifactKey: Guid(16e5f48d612f744039dbecb3e834b94f) Importer(815301076,1909f56bfc062723c751e8b465ee728b)
Start importing Assets/polyperfect/Low Poly Animated Animals/- Prefabs/Animals/Dog-GoldenRetriever.prefab using Guid(16e5f48d612f744039dbecb3e834b94f) Importer(815301076,1909f56bfc062723c751e8b465ee728b)  -> (artifact id: '4277f68cec8e6228b91d87a493137568') in 0.209679 seconds
  Import took 0.220398 seconds .

========================================================================
Received Import Request.
  Time since last request: 0.000399 seconds.
  path: Assets/ExampleAssets/Prefabs/Workbench_LOD1.prefab
  artifactKey: Guid(38d5ecfa2b93c4095b4cc5d4a590e676) Importer(815301076,1909f56bfc062723c751e8b465ee728b)
Start importing Assets/ExampleAssets/Prefabs/Workbench_LOD1.prefab using Guid(38d5ecfa2b93c4095b4cc5d4a590e676) Importer(815301076,1909f56bfc062723c751e8b465ee728b)  -> (artifact id: 'cb61c97756a2a3afbc05c86ee4727dcb') in 1.037328 seconds
  Import took 1.045231 seconds .

========================================================================
Received Import Request.
  Time since last request: 0.000500 seconds.
  path: Assets/polyperfect/Low Poly Animated Animals/- Prefabs/Animals/Gorilla Black.prefab
  artifactKey: Guid(57a429f4b3b3c754e975b792ed61d63a) Importer(815301076,1909f56bfc062723c751e8b465ee728b)
Start importing Assets/polyperfect/Low Poly Animated Animals/- Prefabs/Animals/Gorilla Black.prefab using Guid(57a429f4b3b3c754e975b792ed61d63a) Importer(815301076,1909f56bfc062723c751e8b465ee728b)  -> (artifact id: 'dd6af0af4cd7a00ffe2e93aac1a5ed94') in 0.356839 seconds
  Import took 0.370609 seconds .

========================================================================
Received Import Request.
  Time since last request: 0.000416 seconds.
  path: Packages/com.unity.render-pipelines.core/Runtime/Debugging/Prefabs/Widgets/DebugUI VBox.prefab
  artifactKey: Guid(ca3e294656861a64b8aeeb9f916da0a9) Importer(815301076,1909f56bfc062723c751e8b465ee728b)
Start importing Packages/com.unity.render-pipelines.core/Runtime/Debugging/Prefabs/Widgets/DebugUI VBox.prefab using Guid(ca3e294656861a64b8aeeb9f916da0a9) Importer(815301076,1909f56bfc062723c751e8b465ee728b)  -> (artifact id: '53c018a1c0c2611ca16694187c1dd961') in 0.031193 seconds
  Import took 0.040414 seconds .

========================================================================
Received Import Request.
  Time since last request: 0.000587 seconds.
  path: Assets/polyperfect/Low Poly Animated Animals/- Prefabs/Animals/DEMO/Spider.prefab
  artifactKey: Guid(652878394fa0e41deb08911ec350a66b) Importer(815301076,1909f56bfc062723c751e8b465ee728b)
Start importing Assets/polyperfect/Low Poly Animated Animals/- Prefabs/Animals/DEMO/Spider.prefab using Guid(652878394fa0e41deb08911ec350a66b) Importer(815301076,1909f56bfc062723c751e8b465ee728b)  -> (artifact id: 'f63d075e08bb4115edeaa550d89f7eff') in 0.370993 seconds
  Import took 0.382021 seconds .

========================================================================
Received Import Request.
  Time since last request: 0.000584 seconds.
  path: Assets/polyperfect/Low Poly Animated Animals/- Prefabs/Animals/Cow Black-White.prefab
  artifactKey: Guid(8deda24c4237fd94db95aa127822ba3c) Importer(815301076,1909f56bfc062723c751e8b465ee728b)
Start importing Assets/polyperfect/Low Poly Animated Animals/- Prefabs/Animals/Cow Black-White.prefab using Guid(8deda24c4237fd94db95aa127822ba3c) Importer(815301076,1909f56bfc062723c751e8b465ee728b)  -> (artifact id: '85a55b38efc03ca0db7cde44f963494e') in 0.327982 seconds
  Import took 0.343949 seconds .

========================================================================
Received Import Request.
  Time since last request: 0.000674 seconds.
  path: Packages/com.unity.render-pipelines.core/Runtime/Debugging/Prefabs/Widgets/DebugUI Group.prefab
  artifactKey: Guid(38a07789c9e87004dad98c2909f58369) Importer(815301076,1909f56bfc062723c751e8b465ee728b)
Start importing Packages/com.unity.render-pipelines.core/Runtime/Debugging/Prefabs/Widgets/DebugUI Group.prefab using Guid(38a07789c9e87004dad98c2909f58369) Importer(815301076,1909f56bfc062723c751e8b465ee728b)  -> (artifact id: '4bc699162fe68fe789c0f59014e266c1') in 0.022809 seconds
  Import took 0.038112 seconds .

========================================================================
Received Import Request.
  Time since last request: 0.001041 seconds.
  path: Assets/polyperfect/Low Poly Animated Animals/- Prefabs/Animals/DEMO/Shark.prefab
  artifactKey: Guid(037c87e47b2ee481d99038516ec01a2d) Importer(815301076,1909f56bfc062723c751e8b465ee728b)
Start importing Assets/polyperfect/Low Poly Animated Animals/- Prefabs/Animals/DEMO/Shark.prefab using Guid(037c87e47b2ee481d99038516ec01a2d) Importer(815301076,1909f56bfc062723c751e8b465ee728b)  -> (artifact id: '24541e1001ca8e6b6117c4c400c68579') in 0.116955 seconds
  Import took 0.127601 seconds .

========================================================================
Received Import Request.
  Time since last request: 0.001055 seconds.
  path: Assets/polyperfect/Low Poly Animated Animals/- Prefabs/Animals/DEMO/Fish.prefab
  artifactKey: Guid(802e67588477e490eacd6920ddb32a43) Importer(815301076,1909f56bfc062723c751e8b465ee728b)
Start importing Assets/polyperfect/Low Poly Animated Animals/- Prefabs/Animals/DEMO/Fish.prefab using Guid(802e67588477e490eacd6920ddb32a43) Importer(815301076,1909f56bfc062723c751e8b465ee728b)  -> (artifact id: '01862aae10f0653c9e8827c6da6813f8') in 0.099922 seconds
  Import took 0.107441 seconds .

========================================================================
Received Import Request.
  Time since last request: 0.000445 seconds.
  path: Assets/polyperfect/Low Poly Animated Animals/- Prefabs/Animals/Rabbit Brown.prefab
  artifactKey: Guid(829a5f61d90ac4c42b217bbfc1b3cea2) Importer(815301076,1909f56bfc062723c751e8b465ee728b)
Start importing Assets/polyperfect/Low Poly Animated Animals/- Prefabs/Animals/Rabbit Brown.prefab using Guid(829a5f61d90ac4c42b217bbfc1b3cea2) Importer(815301076,1909f56bfc062723c751e8b465ee728b)  -> (artifact id: 'f09d980da7cc21694af9bb251081c293') in 0.513445 seconds
  Import took 0.527959 seconds .

========================================================================
Received Import Request.
  Time since last request: 0.000420 seconds.
  path: Assets/polyperfect/Low Poly Animated Animals/- Prefabs/Animals/Snake Red.prefab
  artifactKey: Guid(b18f11080da58d0449ec9da835a6123a) Importer(815301076,1909f56bfc062723c751e8b465ee728b)
Start importing Assets/polyperfect/Low Poly Animated Animals/- Prefabs/Animals/Snake Red.prefab using Guid(b18f11080da58d0449ec9da835a6123a) Importer(815301076,1909f56bfc062723c751e8b465ee728b)  -> (artifact id: '59d081be6860cbefc3bc32448ec83856') in 1.063624 seconds
  Import took 1.072070 seconds .

========================================================================
Received Import Request.
  Time since last request: 0.000403 seconds.
  path: Assets/ExampleAssets/Prefabs/Paint Supplies.prefab
  artifactKey: Guid(283e6530a665e4513959d1cd4883682f) Importer(815301076,1909f56bfc062723c751e8b465ee728b)
Start importing Assets/ExampleAssets/Prefabs/Paint Supplies.prefab using Guid(283e6530a665e4513959d1cd4883682f) Importer(815301076,1909f56bfc062723c751e8b465ee728b)  -> (artifact id: 'bd9507668ba6d5be0e1e6d906dde2262') in 0.362585 seconds
  Import took 0.370348 seconds .

========================================================================
Received Import Request.
  Time since last request: 0.000516 seconds.
  path: Assets/polyperfect/Low Poly Animated Animals/- Prefabs/Nature/cat-ball.prefab
  artifactKey: Guid(087f36ebde1fa4eaf8cd0af1ffdccff5) Importer(815301076,1909f56bfc062723c751e8b465ee728b)
Start importing Assets/polyperfect/Low Poly Animated Animals/- Prefabs/Nature/cat-ball.prefab using Guid(087f36ebde1fa4eaf8cd0af1ffdccff5) Importer(815301076,1909f56bfc062723c751e8b465ee728b)  -> (artifact id: 'fd8569d23a83cd8c0029a0d3f5a96550') in 0.106750 seconds
  Import took 0.115160 seconds .

========================================================================
Received Import Request.
  Time since last request: 0.000532 seconds.
  path: Assets/polyperfect/Low Poly Animated Animals/- Prefabs/Animals/JellyFish White.prefab
  artifactKey: Guid(d3619d6268c1bec4d97ce2d4e8ceaec7) Importer(815301076,1909f56bfc062723c751e8b465ee728b)
Start importing Assets/polyperfect/Low Poly Animated Animals/- Prefabs/Animals/JellyFish White.prefab using Guid(d3619d6268c1bec4d97ce2d4e8ceaec7) Importer(815301076,1909f56bfc062723c751e8b465ee728b)  -> (artifact id: 'f48684c57854cbfba1fb14c15704b82d') in 0.227626 seconds
  Import took 0.238942 seconds .

========================================================================
Received Import Request.
  Time since last request: 0.000492 seconds.
  path: Assets/polyperfect/Low Poly Animated Animals/- Prefabs/Animals/DEMO/Crocodile.prefab
  artifactKey: Guid(369388cfb3f544dc293204b93421f9dd) Importer(815301076,1909f56bfc062723c751e8b465ee728b)
Start importing Assets/polyperfect/Low Poly Animated Animals/- Prefabs/Animals/DEMO/Crocodile.prefab using Guid(369388cfb3f544dc293204b93421f9dd) Importer(815301076,1909f56bfc062723c751e8b465ee728b)  -> (artifact id: '09121c386626ed473ae36c57fa2943c9') in 0.232031 seconds
  Import took 0.243127 seconds .

========================================================================
Received Import Request.
  Time since last request: 0.000391 seconds.
  path: Packages/com.unity.render-pipelines.core/Runtime/Debugging/Prefabs/Widgets/DebugUI Row.prefab
  artifactKey: Guid(2d019437ff89b8d44949727731cd9357) Importer(815301076,1909f56bfc062723c751e8b465ee728b)
Start importing Packages/com.unity.render-pipelines.core/Runtime/Debugging/Prefabs/Widgets/DebugUI Row.prefab using Guid(2d019437ff89b8d44949727731cd9357) Importer(815301076,1909f56bfc062723c751e8b465ee728b)  -> (artifact id: 'f1f13fb2cf2ac4c86519a979188cee6c') in 0.023405 seconds
  Import took 0.034875 seconds .

========================================================================
Received Import Request.
  Time since last request: 0.000535 seconds.
  path: Assets/polyperfect/Low Poly Animated Animals/- Prefabs/Animals/Rabbit White.prefab
  artifactKey: Guid(69b122cc19161bc47908c71cd75dc515) Importer(815301076,1909f56bfc062723c751e8b465ee728b)
Start importing Assets/polyperfect/Low Poly Animated Animals/- Prefabs/Animals/Rabbit White.prefab using Guid(69b122cc19161bc47908c71cd75dc515) Importer(815301076,1909f56bfc062723c751e8b465ee728b)  -> (artifact id: '1ffcfe77c45f8d6595452f02a89e2c48') in 0.533031 seconds
  Import took 0.553903 seconds .

========================================================================
Received Import Request.
  Time since last request: 0.000433 seconds.
  path: Assets/polyperfect/Low Poly Animated Animals/- Prefabs/Animals/Horse White.prefab
  artifactKey: Guid(c6a433e6f4854b345bc0e8a730197a94) Importer(815301076,1909f56bfc062723c751e8b465ee728b)
Start importing Assets/polyperfect/Low Poly Animated Animals/- Prefabs/Animals/Horse White.prefab using Guid(c6a433e6f4854b345bc0e8a730197a94) Importer(815301076,1909f56bfc062723c751e8b465ee728b)  -> (artifact id: 'acc60c1a7b82151eef4e52644fa7e680') in 0.258933 seconds
  Import took 0.271794 seconds .

========================================================================
Received Import Request.
  Time since last request: 0.000434 seconds.
  path: Assets/polyperfect/Low Poly Animated Animals/- Prefabs/Nature/tree-baobab.prefab
  artifactKey: Guid(0adbe808ddb421445b8fc6fafbbad7b8) Importer(815301076,1909f56bfc062723c751e8b465ee728b)
Start importing Assets/polyperfect/Low Poly Animated Animals/- Prefabs/Nature/tree-baobab.prefab using Guid(0adbe808ddb421445b8fc6fafbbad7b8) Importer(815301076,1909f56bfc062723c751e8b465ee728b)  -> (artifact id: '02f6228dddde747d237874d08447cc0b') in 0.151039 seconds
  Import took 0.158125 seconds .

========================================================================
Received Import Request.
  Time since last request: 0.000483 seconds.
  path: Packages/com.unity.render-pipelines.core/Runtime/Debugging/Prefabs/Widgets/DebugUI Foldout.prefab
  artifactKey: Guid(1c87ab2ce8b8b304d98fbe9a734b1f74) Importer(815301076,1909f56bfc062723c751e8b465ee728b)
Start importing Packages/com.unity.render-pipelines.core/Runtime/Debugging/Prefabs/Widgets/DebugUI Foldout.prefab using Guid(1c87ab2ce8b8b304d98fbe9a734b1f74) Importer(815301076,1909f56bfc062723c751e8b465ee728b)  -> (artifact id: '6d287c5457f01a8d9329c2410b6040d3') in 0.036597 seconds
  Import took 0.049043 seconds .

========================================================================
Received Import Request.
  Time since last request: 0.000334 seconds.
  path: Assets/polyperfect/Low Poly Animated Animals/- Prefabs/Nature/cloud-long.prefab
  artifactKey: Guid(733d22330513541ecaf4fc75aa46e9a6) Importer(815301076,1909f56bfc062723c751e8b465ee728b)
Start importing Assets/polyperfect/Low Poly Animated Animals/- Prefabs/Nature/cloud-long.prefab using Guid(733d22330513541ecaf4fc75aa46e9a6) Importer(815301076,1909f56bfc062723c751e8b465ee728b)  -> (artifact id: '62f69ba74b011e82183b1954f1089756') in 0.147296 seconds
  Import took 0.160764 seconds .

========================================================================
Received Import Request.
  Time since last request: 0.000577 seconds.
  path: Assets/polyperfect/Low Poly Animated Animals/- Prefabs/Nature/tree-dead.prefab
  artifactKey: Guid(dc5363e4f96074139a5af2e1df6a8928) Importer(815301076,1909f56bfc062723c751e8b465ee728b)
Start importing Assets/polyperfect/Low Poly Animated Animals/- Prefabs/Nature/tree-dead.prefab using Guid(dc5363e4f96074139a5af2e1df6a8928) Importer(815301076,1909f56bfc062723c751e8b465ee728b)  -> (artifact id: 'f7b5492eae8db3ec149bfe37f80afca2') in 0.152305 seconds
  Import took 0.161642 seconds .

========================================================================
Received Import Request.
  Time since last request: 0.000404 seconds.
  path: Assets/polyperfect/Low Poly Animated Animals/- Prefabs/Animals/DEMO/Snake.prefab
  artifactKey: Guid(4c828f339c332427492611b718276025) Importer(815301076,1909f56bfc062723c751e8b465ee728b)
Start importing Assets/polyperfect/Low Poly Animated Animals/- Prefabs/Animals/DEMO/Snake.prefab using Guid(4c828f339c332427492611b718276025) Importer(815301076,1909f56bfc062723c751e8b465ee728b)  -> (artifact id: '783406e9b427c3abe20ccecced0df5da') in 1.028309 seconds
  Import took 1.038055 seconds .

========================================================================
Received Import Request.
  Time since last request: 0.000475 seconds.
  path: Packages/com.unity.render-pipelines.core/Runtime/Debugging/Prefabs/Widgets/DebugUI UIntField.prefab
  artifactKey: Guid(f22bcc84a5f4a1944b075a2c4ac71493) Importer(815301076,1909f56bfc062723c751e8b465ee728b)
Start importing Packages/com.unity.render-pipelines.core/Runtime/Debugging/Prefabs/Widgets/DebugUI UIntField.prefab using Guid(f22bcc84a5f4a1944b075a2c4ac71493) Importer(815301076,1909f56bfc062723c751e8b465ee728b)  -> (artifact id: 'bb38ee8c8b81d61f217ee972dfc9f036') in 0.021855 seconds
  Import took 0.029194 seconds .

========================================================================
Received Import Request.
  Time since last request: 0.000413 seconds.
  path: Assets/polyperfect/Low Poly Animated Animals/- Prefabs/Animals/DEMO/Elephant.prefab
  artifactKey: Guid(34fcc7611699f4010a541d34a7ff28fa) Importer(815301076,1909f56bfc062723c751e8b465ee728b)
Start importing Assets/polyperfect/Low Poly Animated Animals/- Prefabs/Animals/DEMO/Elephant.prefab using Guid(34fcc7611699f4010a541d34a7ff28fa) Importer(815301076,1909f56bfc062723c751e8b465ee728b)  -> (artifact id: '49bfec2fb551c7936da857b463a30fc4') in 0.461931 seconds
  Import took 0.478042 seconds .

========================================================================
Received Import Request.
  Time since last request: 0.000415 seconds.
  path: Assets/polyperfect/Low Poly Animated Animals/- Prefabs/Animals/Penguin.prefab
  artifactKey: Guid(6817fd3c5809228498530e5ebe58f46a) Importer(815301076,1909f56bfc062723c751e8b465ee728b)
Start importing Assets/polyperfect/Low Poly Animated Animals/- Prefabs/Animals/Penguin.prefab using Guid(6817fd3c5809228498530e5ebe58f46a) Importer(815301076,1909f56bfc062723c751e8b465ee728b)  -> (artifact id: '3cbbea7f27e452267aa9f92e49937e21') in 0.222008 seconds
  Import took 0.232671 seconds .

========================================================================
Received Import Request.
  Time since last request: 0.000421 seconds.
  path: Assets/polyperfect/Low Poly Animated Animals/- Prefabs/Animals/DEMO/Horse.prefab
  artifactKey: Guid(7d978be19989a4b4980b2f3ff09138c9) Importer(815301076,1909f56bfc062723c751e8b465ee728b)
Start importing Assets/polyperfect/Low Poly Animated Animals/- Prefabs/Animals/DEMO/Horse.prefab using Guid(7d978be19989a4b4980b2f3ff09138c9) Importer(815301076,1909f56bfc062723c751e8b465ee728b)  -> (artifact id: '5eb5961ef0b91e0a4c2f9d385d1b9191') in 0.119469 seconds
  Import took 0.132578 seconds .

========================================================================
Received Import Request.
  Time since last request: 0.000467 seconds.
  path: Assets/polyperfect/Low Poly Animated Animals/- Prefabs/Nature/cloud-big.prefab
  artifactKey: Guid(c1d54e9c4dea54e57a7688718a976b81) Importer(815301076,1909f56bfc062723c751e8b465ee728b)
Start importing Assets/polyperfect/Low Poly Animated Animals/- Prefabs/Nature/cloud-big.prefab using Guid(c1d54e9c4dea54e57a7688718a976b81) Importer(815301076,1909f56bfc062723c751e8b465ee728b)  -> (artifact id: 'b18242cc2e42e4042e743b141aecbfd4') in 0.151425 seconds
  Import took 0.159416 seconds .

========================================================================
Received Import Request.
  Time since last request: 0.000431 seconds.
  path: Packages/com.unity.render-pipelines.core/Runtime/Debugging/Prefabs/Widgets/DebugUI Button.prefab
  artifactKey: Guid(f6ce33b91f6ffe54cadacbf4bb112440) Importer(815301076,1909f56bfc062723c751e8b465ee728b)
Start importing Packages/com.unity.render-pipelines.core/Runtime/Debugging/Prefabs/Widgets/DebugUI Button.prefab using Guid(f6ce33b91f6ffe54cadacbf4bb112440) Importer(815301076,1909f56bfc062723c751e8b465ee728b)  -> (artifact id: 'f3761c0e54f277fc33c2b679430fa6ef') in 0.028730 seconds
  Import took 0.036369 seconds .

========================================================================
Received Import Request.
  Time since last request: 0.000559 seconds.
  path: Assets/polyperfect/Low Poly Animated Animals/- Prefabs/Animals/Dog-Chihuahua Black.prefab
  artifactKey: Guid(6ed651d2201001a41b3a948ea0165f11) Importer(815301076,1909f56bfc062723c751e8b465ee728b)
Start importing Assets/polyperfect/Low Poly Animated Animals/- Prefabs/Animals/Dog-Chihuahua Black.prefab using Guid(6ed651d2201001a41b3a948ea0165f11) Importer(815301076,1909f56bfc062723c751e8b465ee728b)  -> (artifact id: '0d91af0dda39630872dfe27b32f41f8a') in 0.225566 seconds
  Import took 0.242765 seconds .

========================================================================
Received Import Request.
  Time since last request: 0.000430 seconds.
  path: Assets/polyperfect/Low Poly Animated Animals/- Prefabs/Animals/JellyFish Blue.prefab
  artifactKey: Guid(1bc86ea021341ae4db28b1681bf8bc7f) Importer(815301076,1909f56bfc062723c751e8b465ee728b)
Start importing Assets/polyperfect/Low Poly Animated Animals/- Prefabs/Animals/JellyFish Blue.prefab using Guid(1bc86ea021341ae4db28b1681bf8bc7f) Importer(815301076,1909f56bfc062723c751e8b465ee728b)  -> (artifact id: '81e1361a2c2e2a87c3adb8fc3f50b218') in 0.184651 seconds
  Import took 0.194843 seconds .

========================================================================
Received Import Request.
  Time since last request: 0.000424 seconds.
  path: Assets/polyperfect/Low Poly Animated Animals/- Prefabs/Nature/leaf-simple.prefab
  artifactKey: Guid(03a40e9b821914692bc0768af6fcf047) Importer(815301076,1909f56bfc062723c751e8b465ee728b)
Start importing Assets/polyperfect/Low Poly Animated Animals/- Prefabs/Nature/leaf-simple.prefab using Guid(03a40e9b821914692bc0768af6fcf047) Importer(815301076,1909f56bfc062723c751e8b465ee728b)  -> (artifact id: '8cffeaff20bc74060e487a36400b7b8f') in 0.151839 seconds
  Import took 0.159618 seconds .

========================================================================
Received Import Request.
  Time since last request: 0.000471 seconds.
  path: Assets/polyperfect/Low Poly Animated Animals/- Prefabs/Animals/JellyFish Orange.prefab
  artifactKey: Guid(60ba3272028897a42aa9c0e2eb37a568) Importer(815301076,1909f56bfc062723c751e8b465ee728b)
Start importing Assets/polyperfect/Low Poly Animated Animals/- Prefabs/Animals/JellyFish Orange.prefab using Guid(60ba3272028897a42aa9c0e2eb37a568) Importer(815301076,1909f56bfc062723c751e8b465ee728b)  -> (artifact id: '15d63b12934a1cf45447a58a5cca9060') in 0.181597 seconds
  Import took 0.190211 seconds .

========================================================================
Received Import Request.
  Time since last request: 0.000396 seconds.
  path: Packages/com.unity.render-pipelines.core/Runtime/Debugging/Prefabs/Widgets/DebugUI EnumField.prefab
  artifactKey: Guid(988db55689193434fb0b3b89538f978f) Importer(815301076,1909f56bfc062723c751e8b465ee728b)
Start importing Packages/com.unity.render-pipelines.core/Runtime/Debugging/Prefabs/Widgets/DebugUI EnumField.prefab using Guid(988db55689193434fb0b3b89538f978f) Importer(815301076,1909f56bfc062723c751e8b465ee728b)  -> (artifact id: 'f471edc0039951ba2fd6df99e18855d6') in 0.029891 seconds
  Import took 0.039081 seconds .

========================================================================
Received Import Request.
  Time since last request: 0.000390 seconds.
  path: Assets/polyperfect/Low Poly Animated Animals/- Prefabs/Animals/Horse Brown.prefab
  artifactKey: Guid(3e862f40cc8ad65468baa9837635c9c8) Importer(815301076,1909f56bfc062723c751e8b465ee728b)
Start importing Assets/polyperfect/Low Poly Animated Animals/- Prefabs/Animals/Horse Brown.prefab using Guid(3e862f40cc8ad65468baa9837635c9c8) Importer(815301076,1909f56bfc062723c751e8b465ee728b)  -> (artifact id: 'c115c9db4cd8c57ae69f29bd20e8c93e') in 0.267599 seconds
  Import took 0.286861 seconds .

========================================================================
Received Import Request.
  Time since last request: 0.000436 seconds.
  path: Assets/ExampleAssets/Prefabs/Props.prefab
  artifactKey: Guid(85dfab9623c67784fa7894de63cd1604) Importer(815301076,1909f56bfc062723c751e8b465ee728b)
Start importing Assets/ExampleAssets/Prefabs/Props.prefab using Guid(85dfab9623c67784fa7894de63cd1604) Importer(815301076,1909f56bfc062723c751e8b465ee728b)  -> (artifact id: '026353ce03aad3f04cefb5365665794a') in 1.413004 seconds
  Import took 1.422357 seconds .

========================================================================
Received Import Request.
  Time since last request: 0.000427 seconds.
  path: Assets/polyperfect/Low Poly Animated Animals/- Prefabs/Animals/Cow Brown.prefab
  artifactKey: Guid(28f32469152e3f64c95c5bc66ae60278) Importer(815301076,1909f56bfc062723c751e8b465ee728b)
Start importing Assets/polyperfect/Low Poly Animated Animals/- Prefabs/Animals/Cow Brown.prefab using Guid(28f32469152e3f64c95c5bc66ae60278) Importer(815301076,1909f56bfc062723c751e8b465ee728b)  -> (artifact id: 'b23832459e6fddc55ff3fed64db924fe') in 0.321681 seconds
  Import took 0.337500 seconds .

========================================================================
Received Import Request.
  Time since last request: 0.000477 seconds.
  path: Packages/com.unity.render-pipelines.core/Runtime/Debugging/Prefabs/Widgets/DebugUI BitField.prefab
  artifactKey: Guid(7c78b588b2e1f7c4a86ca4a985cf6e4a) Importer(815301076,1909f56bfc062723c751e8b465ee728b)
Start importing Packages/com.unity.render-pipelines.core/Runtime/Debugging/Prefabs/Widgets/DebugUI BitField.prefab using Guid(7c78b588b2e1f7c4a86ca4a985cf6e4a) Importer(815301076,1909f56bfc062723c751e8b465ee728b)  -> (artifact id: '978b1db78f60467937024c4c9c64cae9') in 0.060747 seconds
  Import took 0.071537 seconds .

========================================================================
Received Import Request.
  Time since last request: 0.000517 seconds.
  path: Packages/com.unity.render-pipelines.core/Runtime/Debugging/Prefabs/Widgets/DebugUI Vector2.prefab
  artifactKey: Guid(326f7c58aed965d41bf7805a782d1e44) Importer(815301076,1909f56bfc062723c751e8b465ee728b)
Start importing Packages/com.unity.render-pipelines.core/Runtime/Debugging/Prefabs/Widgets/DebugUI Vector2.prefab using Guid(326f7c58aed965d41bf7805a782d1e44) Importer(815301076,1909f56bfc062723c751e8b465ee728b)  -> (artifact id: 'dd1464c02ecb6a2ff52eb31bb909e7b8') in 0.058103 seconds
  Import took 0.068465 seconds .

========================================================================
Received Import Request.
  Time since last request: 0.000509 seconds.
  path: Assets/polyperfect/Low Poly Animated Animals/- Prefabs/Animals/Elephant.prefab
  artifactKey: Guid(d19dd43872ee43b4896d75d23e9db9e6) Importer(815301076,1909f56bfc062723c751e8b465ee728b)
Start importing Assets/polyperfect/Low Poly Animated Animals/- Prefabs/Animals/Elephant.prefab using Guid(d19dd43872ee43b4896d75d23e9db9e6) Importer(815301076,1909f56bfc062723c751e8b465ee728b)  -> (artifact id: '02ef04caa02ee24dd7917552431855ba') in 0.396556 seconds
  Import took 0.414303 seconds .

========================================================================
Received Import Request.
  Time since last request: 0.000427 seconds.
  path: Assets/polyperfect/Low Poly Animated Animals/- Prefabs/Animals/DEMO/JellyFish.prefab
  artifactKey: Guid(878eef31fea7e4ca1887a8f9b2331c91) Importer(815301076,1909f56bfc062723c751e8b465ee728b)
Start importing Assets/polyperfect/Low Poly Animated Animals/- Prefabs/Animals/DEMO/JellyFish.prefab using Guid(878eef31fea7e4ca1887a8f9b2331c91) Importer(815301076,1909f56bfc062723c751e8b465ee728b)  -> (artifact id: 'f13b03aae1ee16d556d618da1fbc1dc2') in 0.175379 seconds
  Import took 0.184202 seconds .

========================================================================
Received Import Request.
  Time since last request: 0.000397 seconds.
  path: Packages/com.unity.render-pipelines.core/Runtime/Debugging/Prefabs/Widgets/DebugUI Toggle.prefab
  artifactKey: Guid(ce347ad101f41ee4ab5c3fbc0ea447db) Importer(815301076,1909f56bfc062723c751e8b465ee728b)
Start importing Packages/com.unity.render-pipelines.core/Runtime/Debugging/Prefabs/Widgets/DebugUI Toggle.prefab using Guid(ce347ad101f41ee4ab5c3fbc0ea447db) Importer(815301076,1909f56bfc062723c751e8b465ee728b)  -> (artifact id: 'eee3c946bc58077238a33dc972993b9f') in 0.021294 seconds
  Import took 0.030299 seconds .

========================================================================
Received Import Request.
  Time since last request: 0.000409 seconds.
  path: Assets/polyperfect/Low Poly Animated Animals/- Prefabs/Nature/tree-forest.prefab
  artifactKey: Guid(81bce50924cffc644ae62c5a3c5c4192) Importer(815301076,1909f56bfc062723c751e8b465ee728b)
Start importing Assets/polyperfect/Low Poly Animated Animals/- Prefabs/Nature/tree-forest.prefab using Guid(81bce50924cffc644ae62c5a3c5c4192) Importer(815301076,1909f56bfc062723c751e8b465ee728b)  -> (artifact id: 'e52b37bf0675888d3323707673f86fa1') in 0.150514 seconds
  Import took 0.159508 seconds .

========================================================================
Received Import Request.
  Time since last request: 0.000392 seconds.
  path: Assets/polyperfect/Low Poly Animated Animals/- Prefabs/Animals/DEMO/Orca.prefab
  artifactKey: Guid(c4a90d087f9be4595874fb1d146e9dcd) Importer(815301076,1909f56bfc062723c751e8b465ee728b)
Start importing Assets/polyperfect/Low Poly Animated Animals/- Prefabs/Animals/DEMO/Orca.prefab using Guid(c4a90d087f9be4595874fb1d146e9dcd) Importer(815301076,1909f56bfc062723c751e8b465ee728b)  -> (artifact id: '556644b52d61ee325710e181423b5871') in 0.240916 seconds
  Import took 0.249458 seconds .

========================================================================
Received Import Request.
  Time since last request: 0.000397 seconds.
  path: Assets/polyperfect/Low Poly Animated Animals/- Prefabs/Nature/carrot.prefab
  artifactKey: Guid(9d4d39397bb3e4df98ac838ef29e39a1) Importer(815301076,1909f56bfc062723c751e8b465ee728b)
Start importing Assets/polyperfect/Low Poly Animated Animals/- Prefabs/Nature/carrot.prefab using Guid(9d4d39397bb3e4df98ac838ef29e39a1) Importer(815301076,1909f56bfc062723c751e8b465ee728b)  -> (artifact id: '5652c30e6ab145624261247545dd882d') in 0.139431 seconds
  Import took 0.147027 seconds .

========================================================================
Received Import Request.
  Time since last request: 0.000413 seconds.
  path: Packages/com.unity.render-pipelines.core/Runtime/Debugging/Prefabs/Resources/DebugUI Persistent Canvas.prefab
  artifactKey: Guid(f6b1a0fe75d5009449cf55ae76220e2b) Importer(815301076,1909f56bfc062723c751e8b465ee728b)
Start importing Packages/com.unity.render-pipelines.core/Runtime/Debugging/Prefabs/Resources/DebugUI Persistent Canvas.prefab using Guid(f6b1a0fe75d5009449cf55ae76220e2b) Importer(815301076,1909f56bfc062723c751e8b465ee728b)  -> (artifact id: '63ebf0de4936a8bb1198afc2dfecc1e6') in 0.032341 seconds
  Import took 0.041230 seconds .

========================================================================
Received Import Request.
  Time since last request: 0.000533 seconds.
  path: Assets/polyperfect/Low Poly Animated Animals/- Prefabs/Animals/Spider Yellow.prefab
  artifactKey: Guid(2ef322c53a036124bad12637f603d797) Importer(815301076,1909f56bfc062723c751e8b465ee728b)
Start importing Assets/polyperfect/Low Poly Animated Animals/- Prefabs/Animals/Spider Yellow.prefab using Guid(2ef322c53a036124bad12637f603d797) Importer(815301076,1909f56bfc062723c751e8b465ee728b)  -> (artifact id: '3ac3ce2da42e855ecd602e7cc400ba90') in 0.287495 seconds
  Import took 0.299442 seconds .

========================================================================
Received Import Request.
  Time since last request: 0.000367 seconds.
  path: Assets/polyperfect/Low Poly Animated Animals/- Prefabs/Animals/DEMO/Gorilla.prefab
  artifactKey: Guid(1a91eecb60b164b148e0a6b3828427cc) Importer(815301076,1909f56bfc062723c751e8b465ee728b)
Start importing Assets/polyperfect/Low Poly Animated Animals/- Prefabs/Animals/DEMO/Gorilla.prefab using Guid(1a91eecb60b164b148e0a6b3828427cc) Importer(815301076,1909f56bfc062723c751e8b465ee728b)  -> (artifact id: '11a03e723465caf6d6e397110327ced2') in 0.337417 seconds
  Import took 0.354251 seconds .

========================================================================
Received Import Request.
  Time since last request: 0.000400 seconds.
  path: Assets/polyperfect/Low Poly Animated Animals/- Prefabs/Animals/DEMO/Starfish.prefab
  artifactKey: Guid(6ae254963893f4811ae79cba65777dfd) Importer(815301076,1909f56bfc062723c751e8b465ee728b)
Start importing Assets/polyperfect/Low Poly Animated Animals/- Prefabs/Animals/DEMO/Starfish.prefab using Guid(6ae254963893f4811ae79cba65777dfd) Importer(815301076,1909f56bfc062723c751e8b465ee728b)  -> (artifact id: 'a892affa1b921a97aee7aad7c69911ea') in 0.197341 seconds
  Import took 0.208837 seconds .

========================================================================
Received Import Request.
  Time since last request: 0.000412 seconds.
  path: Assets/ExampleAssets/Prefabs/Workshop Set.prefab
  artifactKey: Guid(a87f0180d46fd334b9025d0314a0dc70) Importer(815301076,1909f56bfc062723c751e8b465ee728b)
Start importing Assets/ExampleAssets/Prefabs/Workshop Set.prefab using Guid(a87f0180d46fd334b9025d0314a0dc70) Importer(815301076,1909f56bfc062723c751e8b465ee728b)  -> (artifact id: '0aec518b9b72d57e673d061678c09970') in 0.353619 seconds
  Import took 0.362079 seconds .

========================================================================
Received Import Request.
  Time since last request: 0.000474 seconds.
  path: Assets/polyperfect/Low Poly Animated Animals/- Prefabs/Animals/DEMO/Dog-Chihuahua.prefab
  artifactKey: Guid(881f7b647f892402cb194d72891c6b78) Importer(815301076,1909f56bfc062723c751e8b465ee728b)
Start importing Assets/polyperfect/Low Poly Animated Animals/- Prefabs/Animals/DEMO/Dog-Chihuahua.prefab using Guid(881f7b647f892402cb194d72891c6b78) Importer(815301076,1909f56bfc062723c751e8b465ee728b)  -> (artifact id: 'cda2c3565ce2663d026bb782b3f2735f') in 0.201512 seconds
  Import took 0.211637 seconds .

========================================================================
Received Import Request.
  Time since last request: 0.000396 seconds.
  path: Assets/polyperfect/Low Poly Animated Animals/- Prefabs/Animals/Spider Green.prefab
  artifactKey: Guid(c4fa44d6ad133e0409f10009615a9247) Importer(815301076,1909f56bfc062723c751e8b465ee728b)
Start importing Assets/polyperfect/Low Poly Animated Animals/- Prefabs/Animals/Spider Green.prefab using Guid(c4fa44d6ad133e0409f10009615a9247) Importer(815301076,1909f56bfc062723c751e8b465ee728b)  -> (artifact id: '4326ff84602d929d017dc31e5a9a63c5') in 0.239192 seconds
  Import took 0.250099 seconds .

========================================================================
Received Import Request.
  Time since last request: 0.000410 seconds.
  path: Assets/polyperfect/Low Poly Animated Animals/- Prefabs/Animals/Spider Red.prefab
  artifactKey: Guid(fc9ece646c03b5d4f8c2d3adfb6ffa0e) Importer(815301076,1909f56bfc062723c751e8b465ee728b)
Start importing Assets/polyperfect/Low Poly Animated Animals/- Prefabs/Animals/Spider Red.prefab using Guid(fc9ece646c03b5d4f8c2d3adfb6ffa0e) Importer(815301076,1909f56bfc062723c751e8b465ee728b)  -> (artifact id: '374b587f18a01819eb7d1ff821333f54') in 0.230201 seconds
  Import took 0.240635 seconds .

========================================================================
Received Import Request.
  Time since last request: 0.000407 seconds.
  path: Packages/com.unity.render-pipelines.core/Runtime/Debugging/Prefabs/Widgets/DebugUI HBox.prefab
  artifactKey: Guid(f7f5e36797cf0c1408561665c67b179b) Importer(815301076,1909f56bfc062723c751e8b465ee728b)
Start importing Packages/com.unity.render-pipelines.core/Runtime/Debugging/Prefabs/Widgets/DebugUI HBox.prefab using Guid(f7f5e36797cf0c1408561665c67b179b) Importer(815301076,1909f56bfc062723c751e8b465ee728b)  -> (artifact id: '293ec41558826ec54bdd02e90ba3c266') in 0.025209 seconds
  Import took 0.034515 seconds .

========================================================================
Received Import Request.
  Time since last request: 0.000597 seconds.
  path: Assets/ExampleAssets/Prefabs/Workbench_LOD0.prefab
  artifactKey: Guid(c0adcaeba3022437293536832628fdf8) Importer(815301076,1909f56bfc062723c751e8b465ee728b)
Start importing Assets/ExampleAssets/Prefabs/Workbench_LOD0.prefab using Guid(c0adcaeba3022437293536832628fdf8) Importer(815301076,1909f56bfc062723c751e8b465ee728b)  -> (artifact id: '551691c48129f4281a2feb6808ae4c75') in 0.101698 seconds
  Import took 0.112407 seconds .

========================================================================
Received Import Request.
  Time since last request: 0.000554 seconds.
  path: Assets/polyperfect/Low Poly Animated Animals/- Prefabs/Animals/Cat.prefab
  artifactKey: Guid(9aa610f370cd8454a90934998b7440ed) Importer(815301076,1909f56bfc062723c751e8b465ee728b)
Start importing Assets/polyperfect/Low Poly Animated Animals/- Prefabs/Animals/Cat.prefab using Guid(9aa610f370cd8454a90934998b7440ed) Importer(815301076,1909f56bfc062723c751e8b465ee728b)  -> (artifact id: 'e247e77658e8bfb7f4c29d93384cda26') in 0.616390 seconds
  Import took 0.633112 seconds .

========================================================================
Received Import Request.
  Time since last request: 0.000499 seconds.
  path: Assets/polyperfect/Low Poly Animated Animals/- Prefabs/Animals/Starfish.prefab
  artifactKey: Guid(3f5c613256bb8481cbafc1d34aa1184e) Importer(815301076,1909f56bfc062723c751e8b465ee728b)
Start importing Assets/polyperfect/Low Poly Animated Animals/- Prefabs/Animals/Starfish.prefab using Guid(3f5c613256bb8481cbafc1d34aa1184e) Importer(815301076,1909f56bfc062723c751e8b465ee728b)  -> (artifact id: '2df5e61e98a69c46fc98ea1e157d109b') in 0.136538 seconds
  Import took 0.146662 seconds .

========================================================================
Received Import Request.
  Time since last request: 0.000409 seconds.
  path: Assets/ExampleAssets/Prefabs/Workbench.prefab
  artifactKey: Guid(8850d132797ff49298ba781e8e1c9bfe) Importer(815301076,1909f56bfc062723c751e8b465ee728b)
Start importing Assets/ExampleAssets/Prefabs/Workbench.prefab using Guid(8850d132797ff49298ba781e8e1c9bfe) Importer(815301076,1909f56bfc062723c751e8b465ee728b)  -> (artifact id: 'e69d7b3acbb82e0ada6c6ac8c2171629') in 0.217030 seconds
  Import took 0.225971 seconds .

========================================================================
Received Import Request.
  Time since last request: 0.000381 seconds.
  path: Packages/com.unity.render-pipelines.core/Runtime/Debugging/Prefabs/Widgets/DebugUI Color.prefab
  artifactKey: Guid(77c185820dd1a464eac89cae3abccddf) Importer(815301076,1909f56bfc062723c751e8b465ee728b)
Start importing Packages/com.unity.render-pipelines.core/Runtime/Debugging/Prefabs/Widgets/DebugUI Color.prefab using Guid(77c185820dd1a464eac89cae3abccddf) Importer(815301076,1909f56bfc062723c751e8b465ee728b)  -> (artifact id: '4e9deb1d2281239b74af2b547308a32c') in 0.025250 seconds
  Import took 0.034570 seconds .

========================================================================
Received Import Request.
  Time since last request: 0.000506 seconds.
  path: Assets/polyperfect/Low Poly Animated Animals/- Prefabs/Animals/DEMO/Cat.prefab
  artifactKey: Guid(a4de01c43a6b748caaee82a2c75c4968) Importer(815301076,1909f56bfc062723c751e8b465ee728b)
Start importing Assets/polyperfect/Low Poly Animated Animals/- Prefabs/Animals/DEMO/Cat.prefab using Guid(a4de01c43a6b748caaee82a2c75c4968) Importer(815301076,1909f56bfc062723c751e8b465ee728b)  -> (artifact id: 'b189b5b6db97e12b5ba2db89213d9b05') in 0.585892 seconds
  Import took 0.603965 seconds .

========================================================================
Received Import Request.
  Time since last request: 0.000461 seconds.
  path: Packages/com.unity.render-pipelines.core/Runtime/Debugging/Prefabs/Widgets/DebugUI Value.prefab
  artifactKey: Guid(dc0f88987826e6e48b1fe9c7c2b53a53) Importer(815301076,1909f56bfc062723c751e8b465ee728b)
Start importing Packages/com.unity.render-pipelines.core/Runtime/Debugging/Prefabs/Widgets/DebugUI Value.prefab using Guid(dc0f88987826e6e48b1fe9c7c2b53a53) Importer(815301076,1909f56bfc062723c751e8b465ee728b)  -> (artifact id: '042196a1d23a5abd4a83664ff49aa534') in 0.020593 seconds
  Import took 0.028893 seconds .

========================================================================
Received Import Request.
  Time since last request: 0.000483 seconds.
  path: Packages/com.unity.render-pipelines.core/Runtime/Debugging/Prefabs/Widgets/DebugUI FloatField.prefab
  artifactKey: Guid(7d4fd3415ea7dd64bbcfe13fb48a730b) Importer(815301076,1909f56bfc062723c751e8b465ee728b)
Start importing Packages/com.unity.render-pipelines.core/Runtime/Debugging/Prefabs/Widgets/DebugUI FloatField.prefab using Guid(7d4fd3415ea7dd64bbcfe13fb48a730b) Importer(815301076,1909f56bfc062723c751e8b465ee728b)  -> (artifact id: '64ab70d192f00d2c2ae4dd6ea2c05a89') in 0.033305 seconds
  Import took 0.044036 seconds .

========================================================================
Received Import Request.
  Time since last request: 0.000467 seconds.
  path: Assets/polyperfect/Low Poly Animated Animals/- Prefabs/Animals/Giraffe.prefab
  artifactKey: Guid(0d9eb53229fd4e4428e17f457310aada) Importer(815301076,1909f56bfc062723c751e8b465ee728b)
Start importing Assets/polyperfect/Low Poly Animated Animals/- Prefabs/Animals/Giraffe.prefab using Guid(0d9eb53229fd4e4428e17f457310aada) Importer(815301076,1909f56bfc062723c751e8b465ee728b)  -> (artifact id: 'a04e405c090551206fdafba288e14aa5') in 0.175761 seconds
  Import took 0.186409 seconds .

========================================================================
Received Import Request.
  Time since last request: 0.000398 seconds.
  path: Assets/polyperfect/Low Poly Animated Animals/- Prefabs/Animals/Cat Black.prefab
  artifactKey: Guid(0ca7c81f5e8d6c64792a13aef1f23bb2) Importer(815301076,1909f56bfc062723c751e8b465ee728b)
Start importing Assets/polyperfect/Low Poly Animated Animals/- Prefabs/Animals/Cat Black.prefab using Guid(0ca7c81f5e8d6c64792a13aef1f23bb2) Importer(815301076,1909f56bfc062723c751e8b465ee728b)  -> (artifact id: 'bc6a3b3ba64c4088f80001a7fbb08aab') in 0.554309 seconds
  Import took 0.572210 seconds .

========================================================================
Received Import Request.
  Time since last request: 0.000390 seconds.
  path: Assets/polyperfect/Low Poly Animated Animals/- Prefabs/Nature/coral-small_orange.prefab
  artifactKey: Guid(6d1248d6de7824b1892a9b1a1dd493f1) Importer(815301076,1909f56bfc062723c751e8b465ee728b)
Start importing Assets/polyperfect/Low Poly Animated Animals/- Prefabs/Nature/coral-small_orange.prefab using Guid(6d1248d6de7824b1892a9b1a1dd493f1) Importer(815301076,1909f56bfc062723c751e8b465ee728b)  -> (artifact id: 'b37bcaf6429fc2195132a1b78663ce3b') in 0.162644 seconds
  Import took 0.170158 seconds .

========================================================================
Received Import Request.
  Time since last request: 0.000399 seconds.
  path: Assets/polyperfect/Low Poly Animated Animals/- Prefabs/Animals/Orca.prefab
  artifactKey: Guid(83e5f758f79d148b898ca89e7d3207ce) Importer(815301076,1909f56bfc062723c751e8b465ee728b)
Start importing Assets/polyperfect/Low Poly Animated Animals/- Prefabs/Animals/Orca.prefab using Guid(83e5f758f79d148b898ca89e7d3207ce) Importer(815301076,1909f56bfc062723c751e8b465ee728b)  -> (artifact id: '4df0bb9418254da68e0dbfc2211d1822') in 0.120091 seconds
  Import took 0.132020 seconds .

========================================================================
Received Import Request.
  Time since last request: 0.000404 seconds.
  path: Packages/com.unity.render-pipelines.core/Runtime/Debugging/Prefabs/Resources/DebugUI Canvas.prefab
  artifactKey: Guid(cf6cbdd672089a84796e55a21fed1cbe) Importer(815301076,1909f56bfc062723c751e8b465ee728b)
Start importing Packages/com.unity.render-pipelines.core/Runtime/Debugging/Prefabs/Resources/DebugUI Canvas.prefab using Guid(cf6cbdd672089a84796e55a21fed1cbe) Importer(815301076,1909f56bfc062723c751e8b465ee728b)  -> (artifact id: 'a90171b274029889e91ecbc01e08c5d2') in 0.086669 seconds
  Import took 0.099679 seconds .

AssetImportWorkerClient::OnTransportError - code=2 error=End of file
