Using pre-set license
Built from '2020.2/release' branch; Version is '2020.2.1f1 (270dd8c3da1c) revision 2559448'; Using compiler version '192528614'; Build Type 'Release'
OS: 'Windows 10  (10.0.0) 64bit' Language: 'es' Physical Memory: 8191 MB
BatchMode: 1, IsHumanControllingUs: 0, StartBugReporterOnCrash: 0, Is64bit: 1, IsPro: 0

 COMMAND LINE ARGUMENTS:
C:\Program Files\Unity2019.4.17f1\2020.2.1f1\Editor\Unity.exe
-adb2
-batchMode
-noUpm
-name
AssetImportWorker0
-projectPath
C:/Users/Joel/Unity Projects/LowPolyGame
-logFile
Logs/AssetImportWorker0.log
-srvPort
62396
Successfully changed project path to: C:/Users/Joel/Unity Projects/LowPolyGame
C:/Users/Joel/Unity Projects/LowPolyGame
Using Asset Import Pipeline V2.
Refreshing native plugins compatible for Editor in 199.83 ms, found 0 plugins.
Preloading 0 native plugins for Editor in 0.00 ms.
Initialize engine version: 2020.2.1f1 (270dd8c3da1c)
[Subsystems] Discovering subsystems at path C:/Program Files/Unity2019.4.17f1/2020.2.1f1/Editor/Data/Resources/UnitySubsystems
[Subsystems] Discovering subsystems at path C:/Users/Joel/Unity Projects/LowPolyGame/Assets
GfxDevice: creating device client; threaded=0
Direct3D:
    Version:  Direct3D 11.0 [level 11.0]
    Renderer: NVIDIA GeForce GTX 550 Ti (ID=0x1244)
    Vendor:   
    VRAM:     977 MB
    Driver:   21.21.13.7654
Shader 'Universal Render Pipeline/Particles/Lit': fallback shader 'Universal Render Pipeline/Particles/SimpleLit' not found
Initialize mono
Mono path[0] = 'C:/Program Files/Unity2019.4.17f1/2020.2.1f1/Editor/Data/Managed'
Mono path[1] = 'C:/Program Files/Unity2019.4.17f1/2020.2.1f1/Editor/Data/MonoBleedingEdge/lib/mono/unityjit'
Mono config path = 'C:/Program Files/Unity2019.4.17f1/2020.2.1f1/Editor/Data/MonoBleedingEdge/etc'
Using monoOptions --debugger-agent=transport=dt_socket,embedding=1,server=y,suspend=n,address=127.0.0.1:56044
Begin MonoManager ReloadAssembly
Registering precompiled unity dll's ...
Register platform support module: C:/Program Files/Unity2019.4.17f1/2020.2.1f1/Editor/Data/PlaybackEngines/WebGLSupport/UnityEditor.WebGL.Extensions.dll
Register platform support module: C:/Program Files/Unity2019.4.17f1/2020.2.1f1/Editor/Data/PlaybackEngines/WindowsStandaloneSupport/UnityEditor.WindowsStandalone.Extensions.dll
Registered in 0.004877 seconds.
Native extension for WindowsStandalone target not found
Native extension for WebGL target not found
Refreshing native plugins compatible for Editor in 194.76 ms, found 0 plugins.
Preloading 0 native plugins for Editor in 0.00 ms.
Invoked RoslynAnalysisRunner static constructor.
RoslynAnalysisRunner will not be running.
RoslynAnalysisRunner has terminated.
Mono: successfully reloaded assembly
- Completed reload, in  3.958 seconds
Platform modules already initialized, skipping
Registering precompiled user dll's ...
Registered in 0.004037 seconds.
Begin MonoManager ReloadAssembly
Native extension for WindowsStandalone target not found
Native extension for WebGL target not found
Refreshing native plugins compatible for Editor in 235.06 ms, found 0 plugins.
Preloading 0 native plugins for Editor in 0.00 ms.
Invoked RoslynAnalysisRunner static constructor.
RoslynAnalysisRunner will not be running.
RoslynAnalysisRunner has terminated.
Mono: successfully reloaded assembly
- Completed reload, in  2.257 seconds
Platform modules already initialized, skipping
========================================================================
Worker process is ready to serve import requests
Shader 'Universal Render Pipeline/Particles/Lit': fallback shader 'Universal Render Pipeline/Particles/SimpleLit' not found
Launched and connected shader compiler UnityShaderCompiler.exe after 0.07 seconds
Refreshing native plugins compatible for Editor in 1.98 ms, found 0 plugins.
Preloading 0 native plugins for Editor in 0.00 ms.
Unloading 2442 Unused Serialized files (Serialized files now loaded: 0)
System memory in use before: 210.4 MB.
System memory in use after: 208.8 MB.

Unloading 39 unused Assets to reduce memory usage. Loaded Objects now: 2883.
Total: 8.867900 ms (FindLiveObjects: 0.617400 ms CreateObjectMapping: 0.155900 ms MarkObjects: 5.817000 ms  DeleteObjects: 2.274000 ms)

========================================================================
Received Import Request.
  path: Assets/JOEL/Scenes/Japan
  artifactKey: Guid(947a87a15dc0fcc41b00d1b023adc76c) Importer(815301076,1909f56bfc062723c751e8b465ee728b)
Start importing Assets/JOEL/Scenes/Japan using Guid(947a87a15dc0fcc41b00d1b023adc76c) Importer(815301076,1909f56bfc062723c751e8b465ee728b)  -> (artifact id: 'f7458da82f8d96b9bead7ea64e54741b') in 0.020220 seconds
  Import took 0.029482 seconds .

========================================================================
Received Import Request.
  Time since last request: 0.000789 seconds.
  path: Assets/JOEL/Scenes/Japan LITE.lighting
  artifactKey: Guid(bd371898cad446241aadfe4a1a3022f9) Importer(815301076,1909f56bfc062723c751e8b465ee728b)
Start importing Assets/JOEL/Scenes/Japan LITE.lighting using Guid(bd371898cad446241aadfe4a1a3022f9) Importer(815301076,1909f56bfc062723c751e8b465ee728b)  -> (artifact id: '435b66af64f789288cc42788003ea3b3') in 0.073887 seconds
  Import took 0.086493 seconds .

========================================================================
Received Import Request.
  Time since last request: 0.148404 seconds.
  path: Assets/JOEL/Scenes/Japan.lighting
  artifactKey: Guid(bd371898cad446241aadfe4a1a3022f9) Importer(815301076,1909f56bfc062723c751e8b465ee728b)
Start importing Assets/JOEL/Scenes/Japan.lighting using Guid(bd371898cad446241aadfe4a1a3022f9) Importer(815301076,1909f56bfc062723c751e8b465ee728b)  -> (artifact id: 'a4fea96c92a2f956a0ab8ff69c4a86ad') in 0.014204 seconds
  Import took 0.026485 seconds .

========================================================================
Received Import Request.
  Time since last request: 10.945458 seconds.
  path: Assets/JOEL/Scenes/Japan/Japan.unity
  artifactKey: Guid(4c66ff097d981d4428d148787fed29ff) Importer(815301076,1909f56bfc062723c751e8b465ee728b)
Start importing Assets/JOEL/Scenes/Japan/Japan.unity using Guid(4c66ff097d981d4428d148787fed29ff) Importer(815301076,1909f56bfc062723c751e8b465ee728b)  -> (artifact id: '9006b2fe1cccfae5929c9c09288be78c') in 0.027058 seconds
  Import took 0.042786 seconds .

========================================================================
Received Import Request.
  Time since last request: 126.055767 seconds.
  path: Assets/polyperfect/Low Poly Animated Animals
  artifactKey: Guid(73169176982833e43a929a7398cb4b11) Importer(815301076,1909f56bfc062723c751e8b465ee728b)
Start importing Assets/polyperfect/Low Poly Animated Animals using Guid(73169176982833e43a929a7398cb4b11) Importer(815301076,1909f56bfc062723c751e8b465ee728b)  -> (artifact id: 'df8d28be89b10db0e09af78e9624ad3a') in 0.017432 seconds
  Import took 0.027033 seconds .

========================================================================
Received Import Request.
  Time since last request: 0.012454 seconds.
  path: Assets/polyperfect/Low Poly Animated Animals
  artifactKey: Guid(73169176982833e43a929a7398cb4b11) Importer(815301076,1909f56bfc062723c751e8b465ee728b)
Start importing Assets/polyperfect/Low Poly Animated Animals using Guid(73169176982833e43a929a7398cb4b11) Importer(815301076,1909f56bfc062723c751e8b465ee728b)  -> (artifact id: 'df8d28be89b10db0e09af78e9624ad3a') in 0.008714 seconds
  Import took 0.017042 seconds .

========================================================================
Received Import Request.
  Time since last request: 308.269384 seconds.
  path: Assets/polyperfect/Low Poly Ultimate Pack/T/- Meshes_T/Animals_T/deer.fbx
  artifactKey: Guid(986073107fe57448ca75fbcf9b3648d1) Importer(815301076,1909f56bfc062723c751e8b465ee728b)
Start importing Assets/polyperfect/Low Poly Ultimate Pack/T/- Meshes_T/Animals_T/deer.fbx using Guid(986073107fe57448ca75fbcf9b3648d1) Importer(815301076,1909f56bfc062723c751e8b465ee728b)  -> (artifact id: 'bbf31038b4b514ce30257cef105cf6c1') in 0.473335 seconds
  Import took 0.485358 seconds .

========================================================================
Received Import Request.
  Time since last request: 0.000400 seconds.
  path: Assets/polyperfect/Low Poly Ultimate Pack/M/- Meshes_M/Animals_M/deer.fbx
  artifactKey: Guid(74862de65fd917143b84d14bcee8f513) Importer(815301076,1909f56bfc062723c751e8b465ee728b)
Start importing Assets/polyperfect/Low Poly Ultimate Pack/M/- Meshes_M/Animals_M/deer.fbx using Guid(74862de65fd917143b84d14bcee8f513) Importer(815301076,1909f56bfc062723c751e8b465ee728b)  -> (artifact id: '1db8e2520a9b8760957e139e04d2fd9b') in 0.063587 seconds
  Import took 0.078618 seconds .

========================================================================
Received Import Request.
  Time since last request: 0.000541 seconds.
  path: Assets/polyperfect/Low Poly Animated Animals/- Sounds/deer1.ogg
  artifactKey: Guid(9f5591bf0410147a3ab3dd80de160b1b) Importer(815301076,1909f56bfc062723c751e8b465ee728b)
Start importing Assets/polyperfect/Low Poly Animated Animals/- Sounds/deer1.ogg using Guid(9f5591bf0410147a3ab3dd80de160b1b) Importer(815301076,1909f56bfc062723c751e8b465ee728b)  -> (artifact id: '30661efe364e5b9a2b03788d8f81ee33') in 0.175970 seconds
  Import took 0.186143 seconds .

========================================================================
Received Import Request.
  Time since last request: 0.000626 seconds.
  path: Assets/polyperfect/Low Poly Animated Animals/- Sounds/deer-walk.ogg
  artifactKey: Guid(b8d66fbf2a4c44b208b86bdcaf684983) Importer(815301076,1909f56bfc062723c751e8b465ee728b)
Start importing Assets/polyperfect/Low Poly Animated Animals/- Sounds/deer-walk.ogg using Guid(b8d66fbf2a4c44b208b86bdcaf684983) Importer(815301076,1909f56bfc062723c751e8b465ee728b)  -> (artifact id: '0b24ccb9fa0598a5d2c92f83c7bc6ca6') in 0.043240 seconds
  Import took 0.053171 seconds .

========================================================================
Received Import Request.
  Time since last request: 0.000403 seconds.
  path: Assets/polyperfect/Low Poly Animated Animals/- Stats/Deer.asset
  artifactKey: Guid(38c997fc806244f40a3bbda6818c0de9) Importer(815301076,1909f56bfc062723c751e8b465ee728b)
Start importing Assets/polyperfect/Low Poly Animated Animals/- Stats/Deer.asset using Guid(38c997fc806244f40a3bbda6818c0de9) Importer(815301076,1909f56bfc062723c751e8b465ee728b)  -> (artifact id: '8a93d8e8c42965cf62c7a2408091d87e') in 0.021322 seconds
  Import took 0.031161 seconds .

========================================================================
Received Import Request.
  Time since last request: 0.000480 seconds.
  path: Assets/polyperfect/Low Poly Animated Animals/- Meshes/Animals/Deer/Deer_0.fbx
  artifactKey: Guid(4f04ddbc20d0cc5478aa4e085885c26c) Importer(815301076,1909f56bfc062723c751e8b465ee728b)
Start importing Assets/polyperfect/Low Poly Animated Animals/- Meshes/Animals/Deer/Deer_0.fbx using Guid(4f04ddbc20d0cc5478aa4e085885c26c) Importer(815301076,1909f56bfc062723c751e8b465ee728b)  -> (artifact id: 'a6830e70f10bf5475d3aa7cc4c966125') in 0.188795 seconds
  Import took 0.201764 seconds .

========================================================================
Received Import Request.
  Time since last request: 0.000389 seconds.
  path: Assets/polyperfect/Low Poly Animated Animals/- Textures/Animals/Deer_COL_1k.png
  artifactKey: Guid(a0119e5a4bd01354f93e0d72086a060c) Importer(815301076,1909f56bfc062723c751e8b465ee728b)
Start importing Assets/polyperfect/Low Poly Animated Animals/- Textures/Animals/Deer_COL_1k.png using Guid(a0119e5a4bd01354f93e0d72086a060c) Importer(815301076,1909f56bfc062723c751e8b465ee728b)  -> (artifact id: '78e550d1ab25f93e4371134e0633108e') in 0.148115 seconds
  Import took 0.158638 seconds .

========================================================================
Received Import Request.
  Time since last request: 0.000379 seconds.
  path: Assets/polyperfect/Low Poly Animated Animals/- Textures/Animals/Deer_Grey_COL_1k.png
  artifactKey: Guid(10f4bea79560b47b8837b3b50bae47f6) Importer(815301076,1909f56bfc062723c751e8b465ee728b)
Start importing Assets/polyperfect/Low Poly Animated Animals/- Textures/Animals/Deer_Grey_COL_1k.png using Guid(10f4bea79560b47b8837b3b50bae47f6) Importer(815301076,1909f56bfc062723c751e8b465ee728b)  -> (artifact id: '39e77a8330d091832f516ef406108860') in 0.124549 seconds
  Import took 0.144021 seconds .

========================================================================
Received Import Request.
  Time since last request: 0.000501 seconds.
  path: Assets/polyperfect/Low Poly Animated Animals/- Textures/Animals/Deer_COL_1k.png
  artifactKey: Guid(a0119e5a4bd01354f93e0d72086a060c) Importer(815301076,1909f56bfc062723c751e8b465ee728b)
Start importing Assets/polyperfect/Low Poly Animated Animals/- Textures/Animals/Deer_COL_1k.png using Guid(a0119e5a4bd01354f93e0d72086a060c) Importer(815301076,1909f56bfc062723c751e8b465ee728b)  -> (artifact id: '78e550d1ab25f93e4371134e0633108e') in 0.053683 seconds
  Import took 0.063354 seconds .

========================================================================
Received Import Request.
  Time since last request: 261.595922 seconds.
  path: Assets/polyperfect/Low Poly Animated Animals/- Textures/Animals/Gorilla_Black_COL_1k.png
  artifactKey: Guid(f4b745a743a235f4eabb30c4f9c52622) Importer(815301076,1909f56bfc062723c751e8b465ee728b)
Start importing Assets/polyperfect/Low Poly Animated Animals/- Textures/Animals/Gorilla_Black_COL_1k.png using Guid(f4b745a743a235f4eabb30c4f9c52622) Importer(815301076,1909f56bfc062723c751e8b465ee728b)  -> (artifact id: '4f0e53cf0edcf0b78a8807aade7a61f2') in 0.121665 seconds
  Import took 0.134002 seconds .

========================================================================
Received Import Request.
  Time since last request: 0.000380 seconds.
  path: Assets/ExampleAssets/Textures/Props/Paint/PaintAnimMask.tif
  artifactKey: Guid(5e98de278b2ccc14f89b76b85596a3f3) Importer(815301076,1909f56bfc062723c751e8b465ee728b)
Start importing Assets/ExampleAssets/Textures/Props/Paint/PaintAnimMask.tif using Guid(5e98de278b2ccc14f89b76b85596a3f3) Importer(815301076,1909f56bfc062723c751e8b465ee728b)  -> (artifact id: 'b0e7b49bcf7f6dfb8e53a499bae2b272') in 0.063061 seconds
  Import took 0.071918 seconds .

========================================================================
Received Import Request.
  Time since last request: 0.000361 seconds.
  path: Assets/polyperfect/Low Poly Animated Animals/- Textures/Animals/Seagull_COL_1k.png
  artifactKey: Guid(49cb7ad3ba61a4980bd32eab57b46484) Importer(815301076,1909f56bfc062723c751e8b465ee728b)
Start importing Assets/polyperfect/Low Poly Animated Animals/- Textures/Animals/Seagull_COL_1k.png using Guid(49cb7ad3ba61a4980bd32eab57b46484) Importer(815301076,1909f56bfc062723c751e8b465ee728b)  -> (artifact id: '61998ce79654c0b3395c60944a848138') in 0.102562 seconds
  Import took 0.113727 seconds .

========================================================================
Received Import Request.
  Time since last request: 0.000446 seconds.
  path: Assets/polyperfect/Low Poly Animated People/- Textures/Environment/Ground-dirt_COL_256.png
  artifactKey: Guid(1082fd7eb5f683e499657254ab251776) Importer(815301076,1909f56bfc062723c751e8b465ee728b)
Start importing Assets/polyperfect/Low Poly Animated People/- Textures/Environment/Ground-dirt_COL_256.png using Guid(1082fd7eb5f683e499657254ab251776) Importer(815301076,1909f56bfc062723c751e8b465ee728b)  -> (artifact id: '401350c76ecc7ede72d98bf7cfa4140a') in 0.077320 seconds
  Import took 0.088756 seconds .

========================================================================
Received Import Request.
  Time since last request: 0.000601 seconds.
  path: Assets/polyperfect/Low Poly Animated Animals/- Meshes/Animals/Horse/Horse_Rig.fbm/Horse-white_COL_1k.png
  artifactKey: Guid(e084bf53f687516469a707eaaf6ee902) Importer(815301076,1909f56bfc062723c751e8b465ee728b)
Start importing Assets/polyperfect/Low Poly Animated Animals/- Meshes/Animals/Horse/Horse_Rig.fbm/Horse-white_COL_1k.png using Guid(e084bf53f687516469a707eaaf6ee902) Importer(815301076,1909f56bfc062723c751e8b465ee728b)  -> (artifact id: 'cc3848fe85412beb0872c38703a7431b') in 0.116941 seconds
  Import took 0.128340 seconds .

========================================================================
Received Import Request.
  Time since last request: 0.000463 seconds.
  path: Assets/polyperfect/Low Poly Animated Animals/- Textures/Animals/Horse_Black_COL_1k.png
  artifactKey: Guid(7d32c84f51bd04454a5c16d132cdc5f9) Importer(815301076,1909f56bfc062723c751e8b465ee728b)
Start importing Assets/polyperfect/Low Poly Animated Animals/- Textures/Animals/Horse_Black_COL_1k.png using Guid(7d32c84f51bd04454a5c16d132cdc5f9) Importer(815301076,1909f56bfc062723c751e8b465ee728b)  -> (artifact id: '1c2b618ff647eaefdfb1c3756e14f395') in 0.118190 seconds
  Import took 0.129122 seconds .

========================================================================
Received Import Request.
  Time since last request: 0.000968 seconds.
  path: Assets/ExampleAssets/Textures/Props/Hammer/Hammer_MetallicOcculusionSmoothness.tif
  artifactKey: Guid(6c509e4ae024b5e4faeefb92dab5c812) Importer(815301076,1909f56bfc062723c751e8b465ee728b)
Start importing Assets/ExampleAssets/Textures/Props/Hammer/Hammer_MetallicOcculusionSmoothness.tif using Guid(6c509e4ae024b5e4faeefb92dab5c812) Importer(815301076,1909f56bfc062723c751e8b465ee728b)  -> (artifact id: '77fcd23414b544cbc1000fb6a2f6071f') in 0.071782 seconds
  Import took 0.082352 seconds .

========================================================================
Received Import Request.
  Time since last request: 0.000476 seconds.
  path: Assets/ExampleAssets/Textures/Wood/OBS_MetallicOcculusionSmoothness.tif
  artifactKey: Guid(22638a9216f1ebf4cb43273a00879f51) Importer(815301076,1909f56bfc062723c751e8b465ee728b)
Start importing Assets/ExampleAssets/Textures/Wood/OBS_MetallicOcculusionSmoothness.tif using Guid(22638a9216f1ebf4cb43273a00879f51) Importer(815301076,1909f56bfc062723c751e8b465ee728b)  -> (artifact id: 'c050ccf41600748d181b5fa78aedb810') in 0.062388 seconds
  Import took 0.075752 seconds .

========================================================================
Received Import Request.
  Time since last request: 0.000479 seconds.
  path: Assets/polyperfect/Low Poly Animated Animals/- Textures/Animals/Jellyfish_White_COL_1k.png
  artifactKey: Guid(8c7a3ace664da47f1a954bbd32a2ae0e) Importer(815301076,1909f56bfc062723c751e8b465ee728b)
Start importing Assets/polyperfect/Low Poly Animated Animals/- Textures/Animals/Jellyfish_White_COL_1k.png using Guid(8c7a3ace664da47f1a954bbd32a2ae0e) Importer(815301076,1909f56bfc062723c751e8b465ee728b)  -> (artifact id: '2549e361c4b54a803e349550755f71db') in 0.080073 seconds
  Import took 0.093018 seconds .

========================================================================
Received Import Request.
  Time since last request: 0.000356 seconds.
  path: Assets/polyperfect/Low Poly Animated Animals/- Textures/Animals/Gorilla_Black_COL_1k.png
  artifactKey: Guid(f4b745a743a235f4eabb30c4f9c52622) Importer(815301076,1909f56bfc062723c751e8b465ee728b)
Start importing Assets/polyperfect/Low Poly Animated Animals/- Textures/Animals/Gorilla_Black_COL_1k.png using Guid(f4b745a743a235f4eabb30c4f9c52622) Importer(815301076,1909f56bfc062723c751e8b465ee728b)  -> (artifact id: '4f0e53cf0edcf0b78a8807aade7a61f2') in 0.051723 seconds
  Import took 0.062098 seconds .

========================================================================
Received Import Request.
  Time since last request: 0.000562 seconds.
  path: Assets/ExampleAssets/Textures/Metal/Metal_Normal.tif
  artifactKey: Guid(3b0b7c1f4ac9f6b499e27cf84e722ff4) Importer(815301076,1909f56bfc062723c751e8b465ee728b)
Start importing Assets/ExampleAssets/Textures/Metal/Metal_Normal.tif using Guid(3b0b7c1f4ac9f6b499e27cf84e722ff4) Importer(815301076,1909f56bfc062723c751e8b465ee728b)  -> (artifact id: 'a9d236e50796778f93917c1e68868d39') in 0.055082 seconds
  Import took 0.064078 seconds .

========================================================================
Received Import Request.
  Time since last request: 0.000469 seconds.
  path: Assets/polyperfect/Low Poly Animated People/- Textures/Environment/grass-texture.png
  artifactKey: Guid(3013608feed0a764d8b9b740f3691d7f) Importer(815301076,1909f56bfc062723c751e8b465ee728b)
Start importing Assets/polyperfect/Low Poly Animated People/- Textures/Environment/grass-texture.png using Guid(3013608feed0a764d8b9b740f3691d7f) Importer(815301076,1909f56bfc062723c751e8b465ee728b)  -> (artifact id: '7d824cf66a6202cd9c516ba295e5daab') in 0.071868 seconds
  Import took 0.081522 seconds .

========================================================================
Received Import Request.
  Time since last request: 0.000400 seconds.
  path: Assets/polyperfect/Low Poly Animated People/- Terrain/stadium_terrain.asset
  artifactKey: Guid(e89dbd440d42f2747bcbb5385d947f54) Importer(815301076,1909f56bfc062723c751e8b465ee728b)
Start importing Assets/polyperfect/Low Poly Animated People/- Terrain/stadium_terrain.asset using Guid(e89dbd440d42f2747bcbb5385d947f54) Importer(815301076,1909f56bfc062723c751e8b465ee728b)  -> (artifact id: 'f44f1a9c0eae1baae90457530c16ede8') in 0.318195 seconds
  Import took 0.328877 seconds .

========================================================================
Received Import Request.
  Time since last request: 0.000412 seconds.
  path: Assets/polyperfect/Low Poly Animated Animals/- Textures/Terrain/Snow_COL_256.png
  artifactKey: Guid(cd4ccb15128314728ae85d812ae1c98b) Importer(815301076,1909f56bfc062723c751e8b465ee728b)
Start importing Assets/polyperfect/Low Poly Animated Animals/- Textures/Terrain/Snow_COL_256.png using Guid(cd4ccb15128314728ae85d812ae1c98b) Importer(815301076,1909f56bfc062723c751e8b465ee728b)  -> (artifact id: '5e2ef34206702abac47b7ff7537e6137') in 0.053080 seconds
  Import took 0.063691 seconds .

========================================================================
Received Import Request.
  Time since last request: 0.000422 seconds.
  path: Assets/polyperfect/Low Poly Animated Animals/- Textures/Animals/Rabbit_COL_1k.png
  artifactKey: Guid(71735a7ac8c8847df916556c626d1939) Importer(815301076,1909f56bfc062723c751e8b465ee728b)
Start importing Assets/polyperfect/Low Poly Animated Animals/- Textures/Animals/Rabbit_COL_1k.png using Guid(71735a7ac8c8847df916556c626d1939) Importer(815301076,1909f56bfc062723c751e8b465ee728b)  -> (artifact id: '6c169b721fa0831b4419f87930f16e15') in 0.091747 seconds
  Import took 0.101773 seconds .

========================================================================
Received Import Request.
  Time since last request: 0.000465 seconds.
  path: Assets/polyperfect/Low Poly Animated Animals/- Textures/Animals/Shark_White_COL_1k.png
  artifactKey: Guid(366a91e225ff946bcbdf873c2699b5bf) Importer(815301076,1909f56bfc062723c751e8b465ee728b)
Start importing Assets/polyperfect/Low Poly Animated Animals/- Textures/Animals/Shark_White_COL_1k.png using Guid(366a91e225ff946bcbdf873c2699b5bf) Importer(815301076,1909f56bfc062723c751e8b465ee728b)  -> (artifact id: '3965f3b23355fc87eb6e044264167a6f') in 0.077313 seconds
  Import took 0.086516 seconds .

========================================================================
Received Import Request.
  Time since last request: 0.002441 seconds.
  path: Assets/ExampleAssets/Textures/Props/HardHat/SafetyHat_Albedo.tif
  artifactKey: Guid(dd61af2ec9847eb4d8e17529fa61b143) Importer(815301076,1909f56bfc062723c751e8b465ee728b)
Start importing Assets/ExampleAssets/Textures/Props/HardHat/SafetyHat_Albedo.tif using Guid(dd61af2ec9847eb4d8e17529fa61b143) Importer(815301076,1909f56bfc062723c751e8b465ee728b)  -> (artifact id: '4928c5367e1692055d75b1377c1bdb34') in 0.067883 seconds
  Import took 0.079285 seconds .

========================================================================
Received Import Request.
  Time since last request: 0.000437 seconds.
  path: Assets/ExampleAssets/Textures/Props/Hammer/Hammer_Albedo.tif
  artifactKey: Guid(59c8de363dc14c54986d0751c2c38342) Importer(815301076,1909f56bfc062723c751e8b465ee728b)
Start importing Assets/ExampleAssets/Textures/Props/Hammer/Hammer_Albedo.tif using Guid(59c8de363dc14c54986d0751c2c38342) Importer(815301076,1909f56bfc062723c751e8b465ee728b)  -> (artifact id: '5d2c4264a38971de6af13c8c19ed6822') in 0.081536 seconds
  Import took 0.097867 seconds .

========================================================================
Received Import Request.
  Time since last request: 0.000349 seconds.
  path: Assets/ExampleAssets/Textures/Props/Jigsaw/Jigsaw_Albedo.tif
  artifactKey: Guid(b3f247b26e080ca468f1daa963c192ee) Importer(815301076,1909f56bfc062723c751e8b465ee728b)
Start importing Assets/ExampleAssets/Textures/Props/Jigsaw/Jigsaw_Albedo.tif using Guid(b3f247b26e080ca468f1daa963c192ee) Importer(815301076,1909f56bfc062723c751e8b465ee728b)  -> (artifact id: '2b0b6fe0521e71108fac0e1ce2cc336a') in 0.074248 seconds
  Import took 0.085274 seconds .

========================================================================
Received Import Request.
  Time since last request: 0.000403 seconds.
  path: Assets/ExampleAssets/Textures/Plastic/PlasticRough_MetallicOcculusionSmoothness.tif
  artifactKey: Guid(ee7680f1374ab4449b6d5f6b2c2c1936) Importer(815301076,1909f56bfc062723c751e8b465ee728b)
Start importing Assets/ExampleAssets/Textures/Plastic/PlasticRough_MetallicOcculusionSmoothness.tif using Guid(ee7680f1374ab4449b6d5f6b2c2c1936) Importer(815301076,1909f56bfc062723c751e8b465ee728b)  -> (artifact id: '77f2f7b7a05ea5647f7b11b04c794c09') in 0.064281 seconds
  Import took 0.073558 seconds .

========================================================================
Received Import Request.
  Time since last request: 0.000416 seconds.
  path: Assets/TutorialInfo/Icons/Help_Icon.png
  artifactKey: Guid(34f556d724b1bbf4097ca6220db2c581) Importer(815301076,1909f56bfc062723c751e8b465ee728b)
Start importing Assets/TutorialInfo/Icons/Help_Icon.png using Guid(34f556d724b1bbf4097ca6220db2c581) Importer(815301076,1909f56bfc062723c751e8b465ee728b)  -> (artifact id: '52a9d156f0e9d396050093566cc5cf6f') in 0.091263 seconds
  Import took 0.105209 seconds .

========================================================================
Received Import Request.
  Time since last request: 0.000463 seconds.
  path: Assets/polyperfect/Common/Wander Script/Resources/ManagerLogo.png
  artifactKey: Guid(7ec28301649080b448ea08e7ddd8a72b) Importer(815301076,1909f56bfc062723c751e8b465ee728b)
Start importing Assets/polyperfect/Common/Wander Script/Resources/ManagerLogo.png using Guid(7ec28301649080b448ea08e7ddd8a72b) Importer(815301076,1909f56bfc062723c751e8b465ee728b)  -> (artifact id: '7f379693c4647a552be9a33c9d22f851') in 0.076727 seconds
  Import took 0.092544 seconds .

========================================================================
Received Import Request.
  Time since last request: 0.002782 seconds.
  path: Assets/polyperfect/Low Poly Animated People/- Textures/Environment/Rays_COL_256.png
  artifactKey: Guid(c86e79679a449514ebdbce531153412e) Importer(815301076,1909f56bfc062723c751e8b465ee728b)
Start importing Assets/polyperfect/Low Poly Animated People/- Textures/Environment/Rays_COL_256.png using Guid(c86e79679a449514ebdbce531153412e) Importer(815301076,1909f56bfc062723c751e8b465ee728b)  -> (artifact id: '8fd66af3f2746d3169a83263554799d0') in 0.094492 seconds
  Import took 0.109797 seconds .

========================================================================
Received Import Request.
  Time since last request: 0.000399 seconds.
  path: Assets/polyperfect/Low Poly Animated Animals/- Textures/Animals/Penguin_COL_1k.png
  artifactKey: Guid(74d426a304ce642b683ce051c0eec507) Importer(815301076,1909f56bfc062723c751e8b465ee728b)
Start importing Assets/polyperfect/Low Poly Animated Animals/- Textures/Animals/Penguin_COL_1k.png using Guid(74d426a304ce642b683ce051c0eec507) Importer(815301076,1909f56bfc062723c751e8b465ee728b)  -> (artifact id: '9cc82e03934c5b8f625faa209cae88bb') in 0.109075 seconds
  Import took 0.130590 seconds .

========================================================================
Received Import Request.
  Time since last request: 0.000535 seconds.
  path: Assets/polyperfect/Low Poly Animated Animals/- Textures/Animals/Spider_Red_COL_1k.png
  artifactKey: Guid(bc60faf3e565b4a379a5c995752c5b6c) Importer(815301076,1909f56bfc062723c751e8b465ee728b)
Start importing Assets/polyperfect/Low Poly Animated Animals/- Textures/Animals/Spider_Red_COL_1k.png using Guid(bc60faf3e565b4a379a5c995752c5b6c) Importer(815301076,1909f56bfc062723c751e8b465ee728b)  -> (artifact id: 'c3efcffe646606c8c1f5733e277ce32c') in 0.100838 seconds
  Import took 0.111032 seconds .

========================================================================
Received Import Request.
  Time since last request: 0.000603 seconds.
  path: Assets/ExampleAssets/Textures/Wood/Plywood_Albedo.tif
  artifactKey: Guid(9644eb6aca67672449e2bcbb0eab8e84) Importer(815301076,1909f56bfc062723c751e8b465ee728b)
Start importing Assets/ExampleAssets/Textures/Wood/Plywood_Albedo.tif using Guid(9644eb6aca67672449e2bcbb0eab8e84) Importer(815301076,1909f56bfc062723c751e8b465ee728b)  -> (artifact id: '2cc9bdc4435ee97c2cb7a51358c37af6') in 0.070496 seconds
  Import took 0.080007 seconds .

========================================================================
Received Import Request.
  Time since last request: 0.000438 seconds.
  path: Assets/ExampleAssets/Textures/Plastic/PlasticRidges_Normal.tif
  artifactKey: Guid(c021d051fa0cba84282b4a2577aa85c5) Importer(815301076,1909f56bfc062723c751e8b465ee728b)
Start importing Assets/ExampleAssets/Textures/Plastic/PlasticRidges_Normal.tif using Guid(c021d051fa0cba84282b4a2577aa85c5) Importer(815301076,1909f56bfc062723c751e8b465ee728b)  -> (artifact id: 'e817bf5e24449e62b9d25b2943ab2fdd') in 0.077111 seconds
  Import took 0.092800 seconds .

========================================================================
Received Import Request.
  Time since last request: 0.000409 seconds.
  path: Assets/polyperfect/Low Poly Animated Animals/- UI/polyperfect.png
  artifactKey: Guid(5f842feb72b9b4185a301195f8bfc12b) Importer(815301076,1909f56bfc062723c751e8b465ee728b)
Start importing Assets/polyperfect/Low Poly Animated Animals/- UI/polyperfect.png using Guid(5f842feb72b9b4185a301195f8bfc12b) Importer(815301076,1909f56bfc062723c751e8b465ee728b)  -> (artifact id: '4278b0b19ed64eaab14030d964ad963e') in 0.082056 seconds
  Import took 0.098290 seconds .

========================================================================
Received Import Request.
  Time since last request: 0.000687 seconds.
  path: Assets/polyperfect/Low Poly Animated Animals/- UI/Gizmos/ico-awareness.png
  artifactKey: Guid(687e8784e75910c4d886b202242785a3) Importer(815301076,1909f56bfc062723c751e8b465ee728b)
Start importing Assets/polyperfect/Low Poly Animated Animals/- UI/Gizmos/ico-awareness.png using Guid(687e8784e75910c4d886b202242785a3) Importer(815301076,1909f56bfc062723c751e8b465ee728b)  -> (artifact id: '061ae91b984a234294a8da75c53ea08d') in 0.059141 seconds
  Import took 0.068822 seconds .

========================================================================
Received Import Request.
  Time since last request: 0.000369 seconds.
  path: Assets/polyperfect/Low Poly Animated Animals/- Textures/Animals/Gorilla_Silver_COL_1k.png
  artifactKey: Guid(e22247386f368462eadc1d0ef7c15be7) Importer(815301076,1909f56bfc062723c751e8b465ee728b)
Start importing Assets/polyperfect/Low Poly Animated Animals/- Textures/Animals/Gorilla_Silver_COL_1k.png using Guid(e22247386f368462eadc1d0ef7c15be7) Importer(815301076,1909f56bfc062723c751e8b465ee728b)  -> (artifact id: '85b915ff06605390196754b65bc8d660') in 0.088438 seconds
  Import took 0.099157 seconds .

========================================================================
Received Import Request.
  Time since last request: 0.000396 seconds.
  path: Assets/polyperfect/Low Poly Animated Animals/- Textures/Terrain/Ground-dirt_COL_256.png
  artifactKey: Guid(01e83ca987a174df18d100bacc3142a5) Importer(815301076,1909f56bfc062723c751e8b465ee728b)
Start importing Assets/polyperfect/Low Poly Animated Animals/- Textures/Terrain/Ground-dirt_COL_256.png using Guid(01e83ca987a174df18d100bacc3142a5) Importer(815301076,1909f56bfc062723c751e8b465ee728b)  -> (artifact id: 'a4b1a1ab1ab07e8765730a699f580bd6') in 0.048548 seconds
  Import took 0.062893 seconds .

========================================================================
Received Import Request.
  Time since last request: 0.000735 seconds.
  path: Assets/ExampleAssets/Textures/Wood/OBS_Normal.tif
  artifactKey: Guid(fcce267dfc966b6408dc2ebe0cfb60ed) Importer(815301076,1909f56bfc062723c751e8b465ee728b)
Start importing Assets/ExampleAssets/Textures/Wood/OBS_Normal.tif using Guid(fcce267dfc966b6408dc2ebe0cfb60ed) Importer(815301076,1909f56bfc062723c751e8b465ee728b)  -> (artifact id: '886314186172fcbda43a92f0b96a8d50') in 0.051869 seconds
  Import took 0.061528 seconds .

========================================================================
Received Import Request.
  Time since last request: 0.000543 seconds.
  path: Assets/polyperfect/Low Poly Animated People/- Textures/Environment/people-crowd_sprite.png
  artifactKey: Guid(6c6645629514f8647bf8194424e87a44) Importer(815301076,1909f56bfc062723c751e8b465ee728b)
Start importing Assets/polyperfect/Low Poly Animated People/- Textures/Environment/people-crowd_sprite.png using Guid(6c6645629514f8647bf8194424e87a44) Importer(815301076,1909f56bfc062723c751e8b465ee728b)  -> (artifact id: '63fd9ed1f1c0611392c9502a49dc843b') in 0.178545 seconds
  Import took 0.191792 seconds .

========================================================================
Received Import Request.
  Time since last request: 0.000562 seconds.
  path: Assets/polyperfect/Low Poly Animated Animals/- UI/Gizmos/ico-scent.png
  artifactKey: Guid(ac5c802efbd0a414c85f903f689ff382) Importer(815301076,1909f56bfc062723c751e8b465ee728b)
Start importing Assets/polyperfect/Low Poly Animated Animals/- UI/Gizmos/ico-scent.png using Guid(ac5c802efbd0a414c85f903f689ff382) Importer(815301076,1909f56bfc062723c751e8b465ee728b)  -> (artifact id: '2ef83af1ec80755b9436900a61d6b41e') in 0.061070 seconds
  Import took 0.072266 seconds .

========================================================================
Received Import Request.
  Time since last request: 0.000383 seconds.
  path: Assets/ExampleAssets/Textures/Props/Paint/Paintbrush_Normal.tif
  artifactKey: Guid(09e745bf0b8ff6a4bb5785d14168289a) Importer(815301076,1909f56bfc062723c751e8b465ee728b)
Start importing Assets/ExampleAssets/Textures/Props/Paint/Paintbrush_Normal.tif using Guid(09e745bf0b8ff6a4bb5785d14168289a) Importer(815301076,1909f56bfc062723c751e8b465ee728b)  -> (artifact id: '002138f2ad68fa595d1003424891d396') in 0.079037 seconds
  Import took 0.088056 seconds .

========================================================================
Received Import Request.
  Time since last request: 0.000461 seconds.
  path: Assets/polyperfect/Low Poly Animated Animals/- Textures/Animals/Horse_White_COL_1k.png
  artifactKey: Guid(788af5c6510d549b0a20d5623c012b9c) Importer(815301076,1909f56bfc062723c751e8b465ee728b)
Start importing Assets/polyperfect/Low Poly Animated Animals/- Textures/Animals/Horse_White_COL_1k.png using Guid(788af5c6510d549b0a20d5623c012b9c) Importer(815301076,1909f56bfc062723c751e8b465ee728b)  -> (artifact id: '8a40572a906ad61fd34deac1ca59efcf') in 0.070718 seconds
  Import took 0.081978 seconds .

========================================================================
Received Import Request.
  Time since last request: 0.000584 seconds.
  path: Assets/polyperfect/Low Poly Ultimate Pack/- Textures/grass-texture-long.png
  artifactKey: Guid(79571a5c781e7b24b9b7b957c8eaf990) Importer(815301076,1909f56bfc062723c751e8b465ee728b)
Start importing Assets/polyperfect/Low Poly Ultimate Pack/- Textures/grass-texture-long.png using Guid(79571a5c781e7b24b9b7b957c8eaf990) Importer(815301076,1909f56bfc062723c751e8b465ee728b)  -> (artifact id: '3535177db024df804869009c4a06bf5c') in 0.077794 seconds
  Import took 0.090950 seconds .

========================================================================
Received Import Request.
  Time since last request: 0.003157 seconds.
  path: Assets/polyperfect/Low Poly Animated Animals/- UI/ico-animations.png
  artifactKey: Guid(95738195783c2ee44a04917af420ba0c) Importer(815301076,1909f56bfc062723c751e8b465ee728b)
Start importing Assets/polyperfect/Low Poly Animated Animals/- UI/ico-animations.png using Guid(95738195783c2ee44a04917af420ba0c) Importer(815301076,1909f56bfc062723c751e8b465ee728b)  -> (artifact id: '366e4dab512381efc7f4eab8533a81b8') in 0.101103 seconds
  Import took 0.110450 seconds .

========================================================================
Received Import Request.
  Time since last request: 0.000591 seconds.
  path: Assets/ExampleAssets/Textures/Metal/Metal_Albedo.tif
  artifactKey: Guid(77583f99dea53b641804bb357092ec83) Importer(815301076,1909f56bfc062723c751e8b465ee728b)
Start importing Assets/ExampleAssets/Textures/Metal/Metal_Albedo.tif using Guid(77583f99dea53b641804bb357092ec83) Importer(815301076,1909f56bfc062723c751e8b465ee728b)  -> (artifact id: 'b4a68803b82151a47bf057761caf58d7') in 0.078092 seconds
  Import took 0.089953 seconds .

========================================================================
Received Import Request.
  Time since last request: 0.000429 seconds.
  path: Assets/polyperfect/Low Poly Animated Animals/- Terrains/Terrain - forest.asset
  artifactKey: Guid(2a98c4fba5b6444f08baeb5ee80845c4) Importer(815301076,1909f56bfc062723c751e8b465ee728b)
Start importing Assets/polyperfect/Low Poly Animated Animals/- Terrains/Terrain - forest.asset using Guid(2a98c4fba5b6444f08baeb5ee80845c4) Importer(815301076,1909f56bfc062723c751e8b465ee728b)  -> (artifact id: 'b7aa1bc1bfb2584b0bf61558868708ef') in 0.250987 seconds
  Import took 0.266285 seconds .

========================================================================
Received Import Request.
  Time since last request: 0.000385 seconds.
  path: Assets/ExampleAssets/Textures/Props/Paint/PaintLabel.tif
  artifactKey: Guid(e5c37ab0c7b37af4f981195d3caaf4b4) Importer(815301076,1909f56bfc062723c751e8b465ee728b)
Start importing Assets/ExampleAssets/Textures/Props/Paint/PaintLabel.tif using Guid(e5c37ab0c7b37af4f981195d3caaf4b4) Importer(815301076,1909f56bfc062723c751e8b465ee728b)  -> (artifact id: '8a22d7c58fa24b7f6503414871a9c531') in 0.058537 seconds
  Import took 0.067372 seconds .

========================================================================
Received Import Request.
  Time since last request: 0.000511 seconds.
  path: Assets/polyperfect/Low Poly Animated Animals/- Textures/Animals/Horse_COL_1k.png
  artifactKey: Guid(f84954e24c2624871b969309e5ebbd1d) Importer(815301076,1909f56bfc062723c751e8b465ee728b)
Start importing Assets/polyperfect/Low Poly Animated Animals/- Textures/Animals/Horse_COL_1k.png using Guid(f84954e24c2624871b969309e5ebbd1d) Importer(815301076,1909f56bfc062723c751e8b465ee728b)  -> (artifact id: '5ad4a61216e676b9cbee78771eb371ca') in 0.091148 seconds
  Import took 0.101481 seconds .

========================================================================
Received Import Request.
  Time since last request: 0.000585 seconds.
  path: Assets/polyperfect/Low Poly Animated Animals/- UI/ico-environment.png
  artifactKey: Guid(2a3690a0c1817d441a65142445214ab0) Importer(815301076,1909f56bfc062723c751e8b465ee728b)
Start importing Assets/polyperfect/Low Poly Animated Animals/- UI/ico-environment.png using Guid(2a3690a0c1817d441a65142445214ab0) Importer(815301076,1909f56bfc062723c751e8b465ee728b)  -> (artifact id: '1b72ac199648892f7a70f7efcf3aa517') in 0.097598 seconds
  Import took 0.106134 seconds .

========================================================================
Received Import Request.
  Time since last request: 0.005233 seconds.
  path: Assets/ExampleAssets/Textures/Wood/OBS_Albedo.tif
  artifactKey: Guid(7140a9bc83a12ea49a081dda89216fff) Importer(815301076,1909f56bfc062723c751e8b465ee728b)
Start importing Assets/ExampleAssets/Textures/Wood/OBS_Albedo.tif using Guid(7140a9bc83a12ea49a081dda89216fff) Importer(815301076,1909f56bfc062723c751e8b465ee728b)  -> (artifact id: '5e22b853df7d131726ae38ab00851fd2') in 0.087832 seconds
  Import took 0.097801 seconds .

========================================================================
Received Import Request.
  Time since last request: 0.000587 seconds.
  path: Assets/ExampleAssets/Textures/Plastic/PlasticRough_Albedo.tif
  artifactKey: Guid(7b82d12aad56cc445b99fd1cf06a232d) Importer(815301076,1909f56bfc062723c751e8b465ee728b)
Start importing Assets/ExampleAssets/Textures/Plastic/PlasticRough_Albedo.tif using Guid(7b82d12aad56cc445b99fd1cf06a232d) Importer(815301076,1909f56bfc062723c751e8b465ee728b)  -> (artifact id: '8df734631251d29f062ebaac3c695c1e') in 0.093881 seconds
  Import took 0.104067 seconds .

========================================================================
Received Import Request.
  Time since last request: 0.000567 seconds.
  path: Assets/polyperfect/Low Poly Animated Animals/- Textures/Animals/Spider_Green_COL_1k.png
  artifactKey: Guid(db2e1dbb74472415bb30894c2f685255) Importer(815301076,1909f56bfc062723c751e8b465ee728b)
Start importing Assets/polyperfect/Low Poly Animated Animals/- Textures/Animals/Spider_Green_COL_1k.png using Guid(db2e1dbb74472415bb30894c2f685255) Importer(815301076,1909f56bfc062723c751e8b465ee728b)  -> (artifact id: 'be298400bb72d2537b8a8c8a1c68f1a2') in 0.102439 seconds
  Import took 0.111599 seconds .

========================================================================
Received Import Request.
  Time since last request: 0.000398 seconds.
  path: Assets/polyperfect/Low Poly Animated Animals/- Textures/Brushes/grass-brush3.png
  artifactKey: Guid(32e71a8cb10274d95bc9d47fd973e38d) Importer(815301076,1909f56bfc062723c751e8b465ee728b)
Start importing Assets/polyperfect/Low Poly Animated Animals/- Textures/Brushes/grass-brush3.png using Guid(32e71a8cb10274d95bc9d47fd973e38d) Importer(815301076,1909f56bfc062723c751e8b465ee728b)  -> (artifact id: 'c9a9125dc4449e33766e0b419f110b7c') in 0.059713 seconds
  Import took 0.068870 seconds .

========================================================================
Received Import Request.
  Time since last request: 0.003994 seconds.
  path: Assets/polyperfect/Low Poly Animated Animals/- Textures/Terrain/Ground-dirt-grass_COL_512.png
  artifactKey: Guid(e74aa028cac0d4c678a2d2aba86e227d) Importer(815301076,1909f56bfc062723c751e8b465ee728b)
Start importing Assets/polyperfect/Low Poly Animated Animals/- Textures/Terrain/Ground-dirt-grass_COL_512.png using Guid(e74aa028cac0d4c678a2d2aba86e227d) Importer(815301076,1909f56bfc062723c751e8b465ee728b)  -> (artifact id: '7bff69ca5afa2e5adeae41d74ed7fd66') in 0.090921 seconds
  Import took 0.104487 seconds .

========================================================================
Received Import Request.
  Time since last request: 0.000412 seconds.
  path: Assets/polyperfect/Low Poly Animated Animals/- Textures/Animals/Gorilla_Brown_COL_1k.png
  artifactKey: Guid(b17492916111e49a782aa9bf567543c1) Importer(815301076,1909f56bfc062723c751e8b465ee728b)
Start importing Assets/polyperfect/Low Poly Animated Animals/- Textures/Animals/Gorilla_Brown_COL_1k.png using Guid(b17492916111e49a782aa9bf567543c1) Importer(815301076,1909f56bfc062723c751e8b465ee728b)  -> (artifact id: '9010dc350bf6eb536e3fbf23c4647dd4') in 0.103427 seconds
  Import took 0.113299 seconds .

========================================================================
Received Import Request.
  Time since last request: 0.000418 seconds.
  path: Assets/ExampleAssets/Textures/Plastic/Plastic_AlbedoSmoothness.tif
  artifactKey: Guid(1f89fed00b6bc904c861ab847a811cb8) Importer(815301076,1909f56bfc062723c751e8b465ee728b)
Start importing Assets/ExampleAssets/Textures/Plastic/Plastic_AlbedoSmoothness.tif using Guid(1f89fed00b6bc904c861ab847a811cb8) Importer(815301076,1909f56bfc062723c751e8b465ee728b)  -> (artifact id: '4f8fa70d6bd8d4ad7344e9ab630fd0a1') in 0.058818 seconds
  Import took 0.069193 seconds .

========================================================================
Received Import Request.
  Time since last request: 0.000652 seconds.
  path: Assets/ExampleAssets/Textures/Wood/Plywood_Normal.tif
  artifactKey: Guid(2148396b133b56f40baa7ea4fd22982a) Importer(815301076,1909f56bfc062723c751e8b465ee728b)
Start importing Assets/ExampleAssets/Textures/Wood/Plywood_Normal.tif using Guid(2148396b133b56f40baa7ea4fd22982a) Importer(815301076,1909f56bfc062723c751e8b465ee728b)  -> (artifact id: '52233f71dc07eed39fdfd4d9334af138') in 0.074498 seconds
  Import took 0.085235 seconds .

========================================================================
Received Import Request.
  Time since last request: 0.000572 seconds.
  path: Assets/ExampleAssets/Textures/Props/HardHat/SafetyHat_MetallicOcculusionSmoothness.tif
  artifactKey: Guid(6f61f8dd4499250438f1aa39448e860a) Importer(815301076,1909f56bfc062723c751e8b465ee728b)
Start importing Assets/ExampleAssets/Textures/Props/HardHat/SafetyHat_MetallicOcculusionSmoothness.tif using Guid(6f61f8dd4499250438f1aa39448e860a) Importer(815301076,1909f56bfc062723c751e8b465ee728b)  -> (artifact id: '7b8667deb5f0ba3b70db62baf74b55cc') in 0.073644 seconds
  Import took 0.083561 seconds .

========================================================================
Received Import Request.
  Time since last request: 0.001273 seconds.
  path: Assets/polyperfect/Low Poly Animated Animals/- Textures/Brushes/grass-brush1.png
  artifactKey: Guid(b44889aa490ee46c1b19e2649ce90f57) Importer(815301076,1909f56bfc062723c751e8b465ee728b)
Start importing Assets/polyperfect/Low Poly Animated Animals/- Textures/Brushes/grass-brush1.png using Guid(b44889aa490ee46c1b19e2649ce90f57) Importer(815301076,1909f56bfc062723c751e8b465ee728b)  -> (artifact id: '2d87fbb10029af00109f193bcc56c5cf') in 0.060256 seconds
  Import took 0.070568 seconds .

========================================================================
Received Import Request.
  Time since last request: 0.000427 seconds.
  path: Assets/polyperfect/Low Poly Animated People/- UI/Gizmos/ico-wander.png
  artifactKey: Guid(584f6c731a7ca484abf3af46b711666c) Importer(815301076,1909f56bfc062723c751e8b465ee728b)
Start importing Assets/polyperfect/Low Poly Animated People/- UI/Gizmos/ico-wander.png using Guid(584f6c731a7ca484abf3af46b711666c) Importer(815301076,1909f56bfc062723c751e8b465ee728b)  -> (artifact id: '34e9baa36e5812ea75c5958b26b4725e') in 0.077370 seconds
  Import took 0.087203 seconds .

========================================================================
Received Import Request.
  Time since last request: 0.000614 seconds.
  path: Assets/polyperfect/Low Poly Animated People/- Terrain/apocalypse_terrain.asset
  artifactKey: Guid(6d524b807099fc5439ac5ba0d087327f) Importer(815301076,1909f56bfc062723c751e8b465ee728b)
Start importing Assets/polyperfect/Low Poly Animated People/- Terrain/apocalypse_terrain.asset using Guid(6d524b807099fc5439ac5ba0d087327f) Importer(815301076,1909f56bfc062723c751e8b465ee728b)  -> (artifact id: '019b76ba49214cef9d09a3d9fb5e9ba1') in 0.252057 seconds
  Import took 0.263109 seconds .

========================================================================
Received Import Request.
  Time since last request: 0.000496 seconds.
  path: Assets/polyperfect/Low Poly Animated People/- Textures/Environment/grass-texture2.png
  artifactKey: Guid(53f424d6ca94d574886261fdbdb6a738) Importer(815301076,1909f56bfc062723c751e8b465ee728b)
Start importing Assets/polyperfect/Low Poly Animated People/- Textures/Environment/grass-texture2.png using Guid(53f424d6ca94d574886261fdbdb6a738) Importer(815301076,1909f56bfc062723c751e8b465ee728b)  -> (artifact id: 'c3f82b49cb60a7ce25011bfbbb5219df') in 0.050269 seconds
  Import took 0.058074 seconds .

========================================================================
Received Import Request.
  Time since last request: 0.000360 seconds.
  path: Assets/ExampleAssets/Textures/Metal/Metal_MetallicSmoothness.tif
  artifactKey: Guid(40da0395b61db4448b98bab66d6b549c) Importer(815301076,1909f56bfc062723c751e8b465ee728b)
Start importing Assets/ExampleAssets/Textures/Metal/Metal_MetallicSmoothness.tif using Guid(40da0395b61db4448b98bab66d6b549c) Importer(815301076,1909f56bfc062723c751e8b465ee728b)  -> (artifact id: 'c0c59372e45d142c1febba2f5b24023c') in 0.068526 seconds
  Import took 0.078945 seconds .

========================================================================
Received Import Request.
  Time since last request: 0.000280 seconds.
  path: Assets/ExampleAssets/Textures/Concrete/Ground_MetallicOcculusionSmoothness.tif
  artifactKey: Guid(a8d38587573a5f34c91c4ae0fbd8bfef) Importer(815301076,1909f56bfc062723c751e8b465ee728b)
Start importing Assets/ExampleAssets/Textures/Concrete/Ground_MetallicOcculusionSmoothness.tif using Guid(a8d38587573a5f34c91c4ae0fbd8bfef) Importer(815301076,1909f56bfc062723c751e8b465ee728b)  -> (artifact id: '71275bbf7077d63ae45c8c420c162cb6') in 0.074119 seconds
  Import took 0.091591 seconds .

========================================================================
Received Import Request.
  Time since last request: 0.005456 seconds.
  path: Assets/polyperfect/Low Poly Animated People/- UI/Gizmos/ico-awareness.png
  artifactKey: Guid(08d7c250c193e46458fa88370f9b1124) Importer(815301076,1909f56bfc062723c751e8b465ee728b)
Start importing Assets/polyperfect/Low Poly Animated People/- UI/Gizmos/ico-awareness.png using Guid(08d7c250c193e46458fa88370f9b1124) Importer(815301076,1909f56bfc062723c751e8b465ee728b)  -> (artifact id: '895d131634d0aaf6163c3f03e3d6aba5') in 0.060781 seconds
  Import took 0.072323 seconds .

========================================================================
Received Import Request.
  Time since last request: 0.000483 seconds.
  path: Assets/ExampleAssets/Textures/Props/Paint/Paint5G_AlbedoSmoothness.tif
  artifactKey: Guid(5d25a5cd577a4c54e94fdf9cc6f1a631) Importer(815301076,1909f56bfc062723c751e8b465ee728b)
Start importing Assets/ExampleAssets/Textures/Props/Paint/Paint5G_AlbedoSmoothness.tif using Guid(5d25a5cd577a4c54e94fdf9cc6f1a631) Importer(815301076,1909f56bfc062723c751e8b465ee728b)  -> (artifact id: 'd44cfb2d2caafe4113bae42cfd487aaf') in 0.105472 seconds
  Import took 0.115007 seconds .

========================================================================
Received Import Request.
  Time since last request: 0.000389 seconds.
  path: Assets/polyperfect/Low Poly Animated People/- UI/Loading.png
  artifactKey: Guid(f8be5943bac97ef40aa3302e4c45c694) Importer(815301076,1909f56bfc062723c751e8b465ee728b)
Start importing Assets/polyperfect/Low Poly Animated People/- UI/Loading.png using Guid(f8be5943bac97ef40aa3302e4c45c694) Importer(815301076,1909f56bfc062723c751e8b465ee728b)  -> (artifact id: 'a2077bfaeed01862b6835ecbf5b63df8') in 0.065848 seconds
  Import took 0.075142 seconds .

========================================================================
Received Import Request.
  Time since last request: 0.000401 seconds.
  path: Assets/polyperfect/Low Poly Animated Animals/- Textures/Terrain/Ground-cracked_COL_256.png
  artifactKey: Guid(bfff4510c33ed4e08b12832f4c6a84d4) Importer(815301076,1909f56bfc062723c751e8b465ee728b)
Start importing Assets/polyperfect/Low Poly Animated Animals/- Textures/Terrain/Ground-cracked_COL_256.png using Guid(bfff4510c33ed4e08b12832f4c6a84d4) Importer(815301076,1909f56bfc062723c751e8b465ee728b)  -> (artifact id: 'db480e0da4b4c4e069d1759eb61bfcfc') in 0.077641 seconds
  Import took 0.093058 seconds .

========================================================================
Received Import Request.
  Time since last request: 0.000542 seconds.
  path: Assets/polyperfect/Low Poly Animated Animals/- Textures/Animals/Snake_COL_1k.png
  artifactKey: Guid(7d7a1d9ba526d1a4b8c262fec3e5bde6) Importer(815301076,1909f56bfc062723c751e8b465ee728b)
Start importing Assets/polyperfect/Low Poly Animated Animals/- Textures/Animals/Snake_COL_1k.png using Guid(7d7a1d9ba526d1a4b8c262fec3e5bde6) Importer(815301076,1909f56bfc062723c751e8b465ee728b)  -> (artifact id: '1d06ac8eabf90ed79201538c089f6f9f') in 0.117993 seconds
  Import took 0.126751 seconds .

========================================================================
Received Import Request.
  Time since last request: 0.000664 seconds.
  path: Assets/ExampleAssets/Textures/Props/Paint/Paint1G_Normal.tif
  artifactKey: Guid(ac80c335ebd6dde4fa54a82050064545) Importer(815301076,1909f56bfc062723c751e8b465ee728b)
Start importing Assets/ExampleAssets/Textures/Props/Paint/Paint1G_Normal.tif using Guid(ac80c335ebd6dde4fa54a82050064545) Importer(815301076,1909f56bfc062723c751e8b465ee728b)  -> (artifact id: '10bd5664fafd2ebbc3af285e91aa6e36') in 0.058446 seconds
  Import took 0.067103 seconds .

========================================================================
Received Import Request.
  Time since last request: 0.000487 seconds.
  path: Assets/ExampleAssets/Textures/Props/Paint/Paintbrush_MetallicOcculusionSmoothness.tif
  artifactKey: Guid(888916a5e87c05948b1a97b3c0d42556) Importer(815301076,1909f56bfc062723c751e8b465ee728b)
Start importing Assets/ExampleAssets/Textures/Props/Paint/Paintbrush_MetallicOcculusionSmoothness.tif using Guid(888916a5e87c05948b1a97b3c0d42556) Importer(815301076,1909f56bfc062723c751e8b465ee728b)  -> (artifact id: 'bab1387680e38bdcea5554cf4fde208a') in 0.082267 seconds
  Import took 0.092731 seconds .

========================================================================
Received Import Request.
  Time since last request: 0.003052 seconds.
  path: Assets/polyperfect/Low Poly Animated People/- Textures/Environment/Ground-cracked_COL_256.png
  artifactKey: Guid(95a49cd6e4e5c4d40b6126cbdf98682f) Importer(815301076,1909f56bfc062723c751e8b465ee728b)
Start importing Assets/polyperfect/Low Poly Animated People/- Textures/Environment/Ground-cracked_COL_256.png using Guid(95a49cd6e4e5c4d40b6126cbdf98682f) Importer(815301076,1909f56bfc062723c751e8b465ee728b)  -> (artifact id: 'c6747947677f11ea28dd41aa0e7f3b5b') in 0.054943 seconds
  Import took 0.066006 seconds .

========================================================================
Received Import Request.
  Time since last request: 0.000653 seconds.
  path: Assets/polyperfect/Low Poly Animated Animals/- Textures/Terrain/Ground-grass_COL_256.png
  artifactKey: Guid(f8526de50359246c18b9745c0eb88005) Importer(815301076,1909f56bfc062723c751e8b465ee728b)
Start importing Assets/polyperfect/Low Poly Animated Animals/- Textures/Terrain/Ground-grass_COL_256.png using Guid(f8526de50359246c18b9745c0eb88005) Importer(815301076,1909f56bfc062723c751e8b465ee728b)  -> (artifact id: '5dcb30676db8d38db6977595b643c0e8') in 0.061121 seconds
  Import took 0.074864 seconds .

========================================================================
Received Import Request.
  Time since last request: 0.000567 seconds.
  path: Assets/polyperfect/Low Poly Animated Animals/- Textures/Animals/Jellyfish_Blue_COL_1k.png
  artifactKey: Guid(61588101ca4ec40a4aa8c44714cbb10b) Importer(815301076,1909f56bfc062723c751e8b465ee728b)
Start importing Assets/polyperfect/Low Poly Animated Animals/- Textures/Animals/Jellyfish_Blue_COL_1k.png using Guid(61588101ca4ec40a4aa8c44714cbb10b) Importer(815301076,1909f56bfc062723c751e8b465ee728b)  -> (artifact id: 'f8d6ba6f825a0459d7f1e457332c785e') in 0.080704 seconds
  Import took 0.091965 seconds .

========================================================================
Received Import Request.
  Time since last request: 0.000695 seconds.
  path: Assets/ExampleAssets/Textures/Props/Jigsaw/Jigsaw_Normal.tif
  artifactKey: Guid(06969fc081d8cc146af6634f75abe652) Importer(815301076,1909f56bfc062723c751e8b465ee728b)
Start importing Assets/ExampleAssets/Textures/Props/Jigsaw/Jigsaw_Normal.tif using Guid(06969fc081d8cc146af6634f75abe652) Importer(815301076,1909f56bfc062723c751e8b465ee728b)  -> (artifact id: '48eaca48c119f608aa225b88fa76a25c') in 0.067693 seconds
  Import took 0.077991 seconds .

========================================================================
Received Import Request.
  Time since last request: 0.000462 seconds.
  path: Assets/ExampleAssets/Textures/Plastic/PlasticRidges_Albedo.tif
  artifactKey: Guid(ecb23393a0d1b424a82fff68a4c00a66) Importer(815301076,1909f56bfc062723c751e8b465ee728b)
Start importing Assets/ExampleAssets/Textures/Plastic/PlasticRidges_Albedo.tif using Guid(ecb23393a0d1b424a82fff68a4c00a66) Importer(815301076,1909f56bfc062723c751e8b465ee728b)  -> (artifact id: 'e865294b130c9d4e7d07c42f2010bffe') in 0.078668 seconds
  Import took 0.087785 seconds .

========================================================================
Received Import Request.
  Time since last request: 0.000525 seconds.
  path: Assets/ExampleAssets/Textures/Plastic/PlasticRidges_MetallicOcculusionSmoothness.tif
  artifactKey: Guid(201c1f77fe872924a86132486bc97e82) Importer(815301076,1909f56bfc062723c751e8b465ee728b)
Start importing Assets/ExampleAssets/Textures/Plastic/PlasticRidges_MetallicOcculusionSmoothness.tif using Guid(201c1f77fe872924a86132486bc97e82) Importer(815301076,1909f56bfc062723c751e8b465ee728b)  -> (artifact id: 'aa9e295bc6cdef8ab8d8a872b1e6a0df') in 0.085309 seconds
  Import took 0.096179 seconds .

========================================================================
Received Import Request.
  Time since last request: 0.000614 seconds.
  path: Assets/ExampleAssets/Textures/Props/HardHat/SafetyHat_Normal.tif
  artifactKey: Guid(d608c45da8580c9408ee50eb9a8c40f3) Importer(815301076,1909f56bfc062723c751e8b465ee728b)
Start importing Assets/ExampleAssets/Textures/Props/HardHat/SafetyHat_Normal.tif using Guid(d608c45da8580c9408ee50eb9a8c40f3) Importer(815301076,1909f56bfc062723c751e8b465ee728b)  -> (artifact id: '06597ea3a4d97df4ad4dec854d073374') in 0.077488 seconds
  Import took 0.090949 seconds .

========================================================================
Received Import Request.
  Time since last request: 0.000407 seconds.
  path: Assets/polyperfect/Low Poly Animated Animals/- Textures/Animals/Snake_Red_COL_1k.png
  artifactKey: Guid(57d2fd6ad4ae240649185f8ff5fb698c) Importer(815301076,1909f56bfc062723c751e8b465ee728b)
Start importing Assets/polyperfect/Low Poly Animated Animals/- Textures/Animals/Snake_Red_COL_1k.png using Guid(57d2fd6ad4ae240649185f8ff5fb698c) Importer(815301076,1909f56bfc062723c751e8b465ee728b)  -> (artifact id: 'ea5e635c5657c48f36be35b9080a4e66') in 0.099230 seconds
  Import took 0.112566 seconds .

========================================================================
Received Import Request.
  Time since last request: 0.000388 seconds.
  path: Assets/ExampleAssets/Textures/Concrete/Ground_Normal.tif
  artifactKey: Guid(fab85e0cacda9644a99e5182a86b71f5) Importer(815301076,1909f56bfc062723c751e8b465ee728b)
Start importing Assets/ExampleAssets/Textures/Concrete/Ground_Normal.tif using Guid(fab85e0cacda9644a99e5182a86b71f5) Importer(815301076,1909f56bfc062723c751e8b465ee728b)  -> (artifact id: '9b622b9d9ec73882ef6e6d3ca4198891') in 0.095589 seconds
  Import took 0.103381 seconds .

========================================================================
Received Import Request.
  Time since last request: 0.000522 seconds.
  path: Assets/ExampleAssets/Textures/Props/Paint/Paint1G_MetallicOcculusionRoughness.tif
  artifactKey: Guid(ca084ebab0cef7c4ba746cdb442f9c1e) Importer(815301076,1909f56bfc062723c751e8b465ee728b)
Start importing Assets/ExampleAssets/Textures/Props/Paint/Paint1G_MetallicOcculusionRoughness.tif using Guid(ca084ebab0cef7c4ba746cdb442f9c1e) Importer(815301076,1909f56bfc062723c751e8b465ee728b)  -> (artifact id: '776e9b319985495d0482dda5d318f5ad') in 0.096459 seconds
  Import took 0.106781 seconds .

========================================================================
Received Import Request.
  Time since last request: 0.000512 seconds.
  path: Assets/polyperfect/Low Poly Ultimate Pack/- Textures/lightrays.png
  artifactKey: Guid(536796f3bff2945159ec2bb0b866ed40) Importer(815301076,1909f56bfc062723c751e8b465ee728b)
Start importing Assets/polyperfect/Low Poly Ultimate Pack/- Textures/lightrays.png using Guid(536796f3bff2945159ec2bb0b866ed40) Importer(815301076,1909f56bfc062723c751e8b465ee728b)  -> (artifact id: 'd077cfb2f4812b379bd39ecbb7b80354') in 0.064611 seconds
  Import took 0.075752 seconds .

========================================================================
Received Import Request.
  Time since last request: 0.000480 seconds.
  path: Assets/polyperfect/Low Poly Animated Animals/- UI/Gizmos/ico-wander.png
  artifactKey: Guid(0779b80f1c4404e2e946a4e0d7773836) Importer(815301076,1909f56bfc062723c751e8b465ee728b)
Start importing Assets/polyperfect/Low Poly Animated Animals/- UI/Gizmos/ico-wander.png using Guid(0779b80f1c4404e2e946a4e0d7773836) Importer(815301076,1909f56bfc062723c751e8b465ee728b)  -> (artifact id: 'ad05c82b1891da74068fd59ac2fb7451') in 0.075402 seconds
  Import took 0.089959 seconds .

========================================================================
Received Import Request.
  Time since last request: 0.000476 seconds.
  path: Assets/ExampleAssets/Textures/Wood/Plywood_MetallicOcculusionSmoothness.tif
  artifactKey: Guid(2e38f7921b7d7b1418ab63c08117ffb8) Importer(815301076,1909f56bfc062723c751e8b465ee728b)
Start importing Assets/ExampleAssets/Textures/Wood/Plywood_MetallicOcculusionSmoothness.tif using Guid(2e38f7921b7d7b1418ab63c08117ffb8) Importer(815301076,1909f56bfc062723c751e8b465ee728b)  -> (artifact id: 'cc388045486e864de1a2ba8425439521') in 0.079900 seconds
  Import took 0.088357 seconds .

========================================================================
Received Import Request.
  Time since last request: 0.000482 seconds.
  path: Assets/ExampleAssets/Textures/Props/Jigsaw/Jigsaw_MetallicOcculusionSmoothness.tif
  artifactKey: Guid(3017ed6fed9d3bb49ba99bf738e2d626) Importer(815301076,1909f56bfc062723c751e8b465ee728b)
Start importing Assets/ExampleAssets/Textures/Props/Jigsaw/Jigsaw_MetallicOcculusionSmoothness.tif using Guid(3017ed6fed9d3bb49ba99bf738e2d626) Importer(815301076,1909f56bfc062723c751e8b465ee728b)  -> (artifact id: '7402074c2dc512ee23970847032cc6a8') in 0.090697 seconds
  Import took 0.100076 seconds .

========================================================================
Received Import Request.
  Time since last request: 0.000400 seconds.
  path: Assets/polyperfect/Low Poly Animated Animals/- Textures/Animals/Jellyfish_Orrange_COL_1k.png
  artifactKey: Guid(a331347dc6ead4b288c7f9b29c4a67bd) Importer(815301076,1909f56bfc062723c751e8b465ee728b)
Start importing Assets/polyperfect/Low Poly Animated Animals/- Textures/Animals/Jellyfish_Orrange_COL_1k.png using Guid(a331347dc6ead4b288c7f9b29c4a67bd) Importer(815301076,1909f56bfc062723c751e8b465ee728b)  -> (artifact id: 'ae718d5f28e681398990e515028b68e2') in 0.094153 seconds
  Import took 0.103531 seconds .

========================================================================
Received Import Request.
  Time since last request: 0.000370 seconds.
  path: Assets/polyperfect/Low Poly Animated People/- UI/Gizmos/ico-scent.png
  artifactKey: Guid(5dd89636c0ceefe4682bb1397f04b3c9) Importer(815301076,1909f56bfc062723c751e8b465ee728b)
Start importing Assets/polyperfect/Low Poly Animated People/- UI/Gizmos/ico-scent.png using Guid(5dd89636c0ceefe4682bb1397f04b3c9) Importer(815301076,1909f56bfc062723c751e8b465ee728b)  -> (artifact id: '1236d32d94022cbe7306af836760e53c') in 0.045126 seconds
  Import took 0.056244 seconds .

========================================================================
Received Import Request.
  Time since last request: 0.000430 seconds.
  path: Assets/polyperfect/Low Poly Animated Animals/- Textures/Animals/Shark_COL_1k.png
  artifactKey: Guid(782f4dbadde444760a224694ca9af704) Importer(815301076,1909f56bfc062723c751e8b465ee728b)
Start importing Assets/polyperfect/Low Poly Animated Animals/- Textures/Animals/Shark_COL_1k.png using Guid(782f4dbadde444760a224694ca9af704) Importer(815301076,1909f56bfc062723c751e8b465ee728b)  -> (artifact id: 'fd08c3219df5e76eea1f6e1d3232a31b') in 0.097897 seconds
  Import took 0.113820 seconds .

========================================================================
Received Import Request.
  Time since last request: 0.000513 seconds.
  path: Assets/polyperfect/Low Poly Animated Animals/- Textures/Animals/StarFish_COL_1k.png
  artifactKey: Guid(06401ba5c43d14d7d909de19e51bcce7) Importer(815301076,1909f56bfc062723c751e8b465ee728b)
Start importing Assets/polyperfect/Low Poly Animated Animals/- Textures/Animals/StarFish_COL_1k.png using Guid(06401ba5c43d14d7d909de19e51bcce7) Importer(815301076,1909f56bfc062723c751e8b465ee728b)  -> (artifact id: '49d0d631387a24dad18b5601b8289907') in 0.110069 seconds
  Import took 0.120442 seconds .

========================================================================
Received Import Request.
  Time since last request: 0.002390 seconds.
  path: Assets/polyperfect/Low Poly Animated Animals/- Textures/Animals/Orca_COL_1k.png
  artifactKey: Guid(7bb66ef6f7fa84fffb713c38da762f55) Importer(815301076,1909f56bfc062723c751e8b465ee728b)
Start importing Assets/polyperfect/Low Poly Animated Animals/- Textures/Animals/Orca_COL_1k.png using Guid(7bb66ef6f7fa84fffb713c38da762f55) Importer(815301076,1909f56bfc062723c751e8b465ee728b)  -> (artifact id: 'd9ff598dac6ba907f8a29b6d8362cf94') in 0.094505 seconds
  Import took 0.104387 seconds .

========================================================================
Received Import Request.
  Time since last request: 0.000353 seconds.
  path: Assets/polyperfect/Low Poly Animated People/- UI/icons.png
  artifactKey: Guid(4d12b1b85237ff64dbde305ad7aea589) Importer(815301076,1909f56bfc062723c751e8b465ee728b)
Start importing Assets/polyperfect/Low Poly Animated People/- UI/icons.png using Guid(4d12b1b85237ff64dbde305ad7aea589) Importer(815301076,1909f56bfc062723c751e8b465ee728b)  -> (artifact id: 'f98f2f6633484e1e54fba668d1db1193') in 0.442010 seconds
  Import took 0.451249 seconds .

========================================================================
Received Import Request.
  Time since last request: 0.000474 seconds.
  path: Assets/polyperfect/Low Poly Animated Animals/- Textures/Animals/Horse_Light_COL_1k.png
  artifactKey: Guid(f35f1725252dc4fd8a502e1a4d07a04c) Importer(815301076,1909f56bfc062723c751e8b465ee728b)
Start importing Assets/polyperfect/Low Poly Animated Animals/- Textures/Animals/Horse_Light_COL_1k.png using Guid(f35f1725252dc4fd8a502e1a4d07a04c) Importer(815301076,1909f56bfc062723c751e8b465ee728b)  -> (artifact id: '4b54b425432b184326a3b1e5133377e1') in 0.100014 seconds
  Import took 0.110802 seconds .

========================================================================
Received Import Request.
  Time since last request: 0.000608 seconds.
  path: Assets/ExampleAssets/Textures/Props/Paint/Paint1G_Albedo.tif
  artifactKey: Guid(2de0d72a6700bd94ea57111b29e246fc) Importer(815301076,1909f56bfc062723c751e8b465ee728b)
Start importing Assets/ExampleAssets/Textures/Props/Paint/Paint1G_Albedo.tif using Guid(2de0d72a6700bd94ea57111b29e246fc) Importer(815301076,1909f56bfc062723c751e8b465ee728b)  -> (artifact id: 'f3a443262ddf3ebd084e07de56c2a470') in 0.089902 seconds
  Import took 0.104127 seconds .

========================================================================
Received Import Request.
  Time since last request: 0.000456 seconds.
  path: Assets/ExampleAssets/Textures/Plastic/Plastic_Normal.tif
  artifactKey: Guid(e109905c411b0f84e82eaaf2705ece30) Importer(815301076,1909f56bfc062723c751e8b465ee728b)
Start importing Assets/ExampleAssets/Textures/Plastic/Plastic_Normal.tif using Guid(e109905c411b0f84e82eaaf2705ece30) Importer(815301076,1909f56bfc062723c751e8b465ee728b)  -> (artifact id: '473ec8528f62f41c53c5256259088016') in 0.057854 seconds
  Import took 0.067969 seconds .

========================================================================
Received Import Request.
  Time since last request: 0.000378 seconds.
  path: Assets/polyperfect/Low Poly Ultimate Pack/- Textures/grass-texture.png
  artifactKey: Guid(6e911e8c706739f42accb6c5a8c4bcc3) Importer(815301076,1909f56bfc062723c751e8b465ee728b)
Start importing Assets/polyperfect/Low Poly Ultimate Pack/- Textures/grass-texture.png using Guid(6e911e8c706739f42accb6c5a8c4bcc3) Importer(815301076,1909f56bfc062723c751e8b465ee728b)  -> (artifact id: 'df81075cd64a9c6739d359e480cbb9c8') in 0.056312 seconds
  Import took 0.065681 seconds .

========================================================================
Received Import Request.
  Time since last request: 0.000499 seconds.
  path: Assets/ExampleAssets/Textures/Concrete/Ground_Albedo.tif
  artifactKey: Guid(87ce03bd447ccce48bbff87ac0d8355f) Importer(815301076,1909f56bfc062723c751e8b465ee728b)
Start importing Assets/ExampleAssets/Textures/Concrete/Ground_Albedo.tif using Guid(87ce03bd447ccce48bbff87ac0d8355f) Importer(815301076,1909f56bfc062723c751e8b465ee728b)  -> (artifact id: 'fb5c186f9e7047eb3954c24d8b0bc839') in 0.066642 seconds
  Import took 0.084156 seconds .

========================================================================
Received Import Request.
  Time since last request: 0.000392 seconds.
  path: Assets/polyperfect/Low Poly Animated Animals/- Textures/Animals/Spider_COL_1k.png
  artifactKey: Guid(f72bd7de1ec3a944884a5ee922e06fad) Importer(815301076,1909f56bfc062723c751e8b465ee728b)
Start importing Assets/polyperfect/Low Poly Animated Animals/- Textures/Animals/Spider_COL_1k.png using Guid(f72bd7de1ec3a944884a5ee922e06fad) Importer(815301076,1909f56bfc062723c751e8b465ee728b)  -> (artifact id: '4afe7605ad4b486f598e9cb2254eca6d') in 0.097001 seconds
  Import took 0.108763 seconds .

========================================================================
Received Import Request.
  Time since last request: 0.000572 seconds.
  path: Assets/polyperfect/Low Poly Animated People/- Textures/Environment/Ground-grass_COL_256.png
  artifactKey: Guid(bbf1385219358de4bb067dbd68117d6e) Importer(815301076,1909f56bfc062723c751e8b465ee728b)
Start importing Assets/polyperfect/Low Poly Animated People/- Textures/Environment/Ground-grass_COL_256.png using Guid(bbf1385219358de4bb067dbd68117d6e) Importer(815301076,1909f56bfc062723c751e8b465ee728b)  -> (artifact id: '5abf2797001d4df01612cef08ea52dc8') in 0.043366 seconds
  Import took 0.054518 seconds .

========================================================================
Received Import Request.
  Time since last request: 0.000616 seconds.
  path: Assets/polyperfect/Low Poly Animated People/- Textures/Environment/Ground-dirt-grass_COL_512.png
  artifactKey: Guid(2f438941902b88a4dad4b678f8cb3678) Importer(815301076,1909f56bfc062723c751e8b465ee728b)
Start importing Assets/polyperfect/Low Poly Animated People/- Textures/Environment/Ground-dirt-grass_COL_512.png using Guid(2f438941902b88a4dad4b678f8cb3678) Importer(815301076,1909f56bfc062723c751e8b465ee728b)  -> (artifact id: 'fd82f6534fd326ab4c96074cf526ad50') in 0.053229 seconds
  Import took 0.064368 seconds .

========================================================================
Received Import Request.
  Time since last request: 0.000596 seconds.
  path: Assets/ExampleAssets/Textures/Props/Paint/Paintbrush_Albedo.tif
  artifactKey: Guid(4675081b0baf66345adc734388155502) Importer(815301076,1909f56bfc062723c751e8b465ee728b)
Start importing Assets/ExampleAssets/Textures/Props/Paint/Paintbrush_Albedo.tif using Guid(4675081b0baf66345adc734388155502) Importer(815301076,1909f56bfc062723c751e8b465ee728b)  -> (artifact id: 'fdd07e732a53a8ff817c78bf68709ac0') in 0.063762 seconds
  Import took 0.076151 seconds .

========================================================================
Received Import Request.
  Time since last request: 0.000627 seconds.
  path: Assets/polyperfect/Low Poly Animated Animals/- Textures/Brushes/grass-brush2.png
  artifactKey: Guid(f5ef23c6d74e24f178d1b69eb0a174fe) Importer(815301076,1909f56bfc062723c751e8b465ee728b)
Start importing Assets/polyperfect/Low Poly Animated Animals/- Textures/Brushes/grass-brush2.png using Guid(f5ef23c6d74e24f178d1b69eb0a174fe) Importer(815301076,1909f56bfc062723c751e8b465ee728b)  -> (artifact id: '7a65d7a6d7d7239a752c4592f7245afb') in 0.066159 seconds
  Import took 0.076136 seconds .

========================================================================
Received Import Request.
  Time since last request: 0.000504 seconds.
  path: Assets/ExampleAssets/Textures/Props/Hammer/Hammer_Normal.tif
  artifactKey: Guid(c517a9b1527aec343806327b47ad22df) Importer(815301076,1909f56bfc062723c751e8b465ee728b)
Start importing Assets/ExampleAssets/Textures/Props/Hammer/Hammer_Normal.tif using Guid(c517a9b1527aec343806327b47ad22df) Importer(815301076,1909f56bfc062723c751e8b465ee728b)  -> (artifact id: '557777f9ffe3c819347f28394d4b2749') in 0.058676 seconds
  Import took 0.070860 seconds .

========================================================================
Received Import Request.
  Time since last request: 0.000514 seconds.
  path: Assets/polyperfect/Low Poly Animated Animals/- Textures/Terrain/Ground-cracked-dark_COL_256.png
  artifactKey: Guid(1f44904388332436cb50c5b541362122) Importer(815301076,1909f56bfc062723c751e8b465ee728b)
Start importing Assets/polyperfect/Low Poly Animated Animals/- Textures/Terrain/Ground-cracked-dark_COL_256.png using Guid(1f44904388332436cb50c5b541362122) Importer(815301076,1909f56bfc062723c751e8b465ee728b)  -> (artifact id: 'd71f2e66da89e1bad7b5f20090ba943c') in 0.052327 seconds
  Import took 0.061853 seconds .

========================================================================
Received Import Request.
  Time since last request: 0.000434 seconds.
  path: Assets/polyperfect/Low Poly Animated Animals/- Textures/noise.png
  artifactKey: Guid(1ac33c305c9e040debe64274ffc22c0f) Importer(815301076,1909f56bfc062723c751e8b465ee728b)
Start importing Assets/polyperfect/Low Poly Animated Animals/- Textures/noise.png using Guid(1ac33c305c9e040debe64274ffc22c0f) Importer(815301076,1909f56bfc062723c751e8b465ee728b)  -> (artifact id: '5edc1a88632f42375b6e7bde3e44f586') in 0.083588 seconds
  Import took 0.099020 seconds .

========================================================================
Received Import Request.
  Time since last request: 0.000387 seconds.
  path: Assets/polyperfect/Low Poly Animated Animals/- Textures/Animals/Rabbit_White_COL_1k.png
  artifactKey: Guid(eaddc19d1860c456eb0b379ce7d80fe1) Importer(815301076,1909f56bfc062723c751e8b465ee728b)
Start importing Assets/polyperfect/Low Poly Animated Animals/- Textures/Animals/Rabbit_White_COL_1k.png using Guid(eaddc19d1860c456eb0b379ce7d80fe1) Importer(815301076,1909f56bfc062723c751e8b465ee728b)  -> (artifact id: 'fc532274ecc2e979e840be242ace340e') in 0.095419 seconds
  Import took 0.111016 seconds .

========================================================================
Received Import Request.
  Time since last request: 0.000659 seconds.
  path: Assets/polyperfect/Low Poly Animated Animals/- Textures/Terrain/ground-cracked_COL_512.png
  artifactKey: Guid(fef72045d2e0fee4a8859fb9a22df429) Importer(815301076,1909f56bfc062723c751e8b465ee728b)
Start importing Assets/polyperfect/Low Poly Animated Animals/- Textures/Terrain/ground-cracked_COL_512.png using Guid(fef72045d2e0fee4a8859fb9a22df429) Importer(815301076,1909f56bfc062723c751e8b465ee728b)  -> (artifact id: 'a13976c62f87d73b5958797b05b9565c') in 0.056512 seconds
  Import took 0.069358 seconds .

========================================================================
Received Prepare
Registering precompiled user dll's ...
Registered in 0.004554 seconds.
Begin MonoManager ReloadAssembly
Native extension for WindowsStandalone target not found
Native extension for WebGL target not found
Refreshing native plugins compatible for Editor in 1.80 ms, found 0 plugins.
Preloading 0 native plugins for Editor in 0.00 ms.
Invoked RoslynAnalysisRunner static constructor.
RoslynAnalysisRunner will not be running.
RoslynAnalysisRunner has terminated.
Mono: successfully reloaded assembly
- Completed reload, in  2.025 seconds
Platform modules already initialized, skipping
Shader 'Universal Render Pipeline/Particles/Lit': fallback shader 'Universal Render Pipeline/Particles/SimpleLit' not found
Refreshing native plugins compatible for Editor in 2.18 ms, found 0 plugins.
Preloading 0 native plugins for Editor in 0.00 ms.
Unloading 2367 Unused Serialized files (Serialized files now loaded: 0)
System memory in use before: 225.9 MB.
System memory in use after: 225.0 MB.

Unloading 25 unused Assets to reduce memory usage. Loaded Objects now: 2969.
Total: 6.950300 ms (FindLiveObjects: 0.632700 ms CreateObjectMapping: 0.190700 ms MarkObjects: 4.726700 ms  DeleteObjects: 1.395600 ms)

========================================================================
Received Prepare
Registering precompiled user dll's ...
Registered in 0.005322 seconds.
Begin MonoManager ReloadAssembly
Native extension for WindowsStandalone target not found
Native extension for WebGL target not found
Refreshing native plugins compatible for Editor in 1.81 ms, found 0 plugins.
Preloading 0 native plugins for Editor in 0.00 ms.
Invoked RoslynAnalysisRunner static constructor.
RoslynAnalysisRunner will not be running.
RoslynAnalysisRunner has terminated.
Mono: successfully reloaded assembly
- Completed reload, in  2.656 seconds
Platform modules already initialized, skipping
Shader 'Universal Render Pipeline/Particles/Lit': fallback shader 'Universal Render Pipeline/Particles/SimpleLit' not found
Refreshing native plugins compatible for Editor in 2.51 ms, found 0 plugins.
Preloading 0 native plugins for Editor in 0.00 ms.
Unloading 2353 Unused Serialized files (Serialized files now loaded: 0)
System memory in use before: 224.9 MB.
System memory in use after: 224.1 MB.

Unloading 25 unused Assets to reduce memory usage. Loaded Objects now: 2971.
Total: 7.402100 ms (FindLiveObjects: 0.624400 ms CreateObjectMapping: 0.619800 ms MarkObjects: 4.673900 ms  DeleteObjects: 1.480700 ms)

========================================================================
Received Prepare
Registering precompiled user dll's ...
Registered in 0.003914 seconds.
Begin MonoManager ReloadAssembly
Native extension for WindowsStandalone target not found
Native extension for WebGL target not found
Refreshing native plugins compatible for Editor in 1.79 ms, found 0 plugins.
Preloading 0 native plugins for Editor in 0.00 ms.
Invoked RoslynAnalysisRunner static constructor.
RoslynAnalysisRunner will not be running.
RoslynAnalysisRunner has terminated.
Mono: successfully reloaded assembly
- Completed reload, in  2.140 seconds
Platform modules already initialized, skipping
Shader 'Universal Render Pipeline/Particles/Lit': fallback shader 'Universal Render Pipeline/Particles/SimpleLit' not found
Refreshing native plugins compatible for Editor in 2.06 ms, found 0 plugins.
Preloading 0 native plugins for Editor in 0.00 ms.
Unloading 2353 Unused Serialized files (Serialized files now loaded: 0)
System memory in use before: 225.0 MB.
System memory in use after: 224.1 MB.

Unloading 25 unused Assets to reduce memory usage. Loaded Objects now: 2973.
Total: 7.307300 ms (FindLiveObjects: 0.659400 ms CreateObjectMapping: 0.163700 ms MarkObjects: 4.669900 ms  DeleteObjects: 1.811100 ms)

========================================================================
Received Import Request.
  Time since last request: 1841.471810 seconds.
  path: Assets/JOEL/Animations
  artifactKey: Guid(9806af7d1b570a54c8452048d0502149) Importer(815301076,1909f56bfc062723c751e8b465ee728b)
Start importing Assets/JOEL/Animations using Guid(9806af7d1b570a54c8452048d0502149) Importer(815301076,1909f56bfc062723c751e8b465ee728b)  -> (artifact id: '03b62670e93484e3d0459d57d403c69a') in 0.026303 seconds
  Import took 0.039941 seconds .

========================================================================
Received Import Request.
  Time since last request: 7.043113 seconds.
  path: Assets/JOEL/Animations/lantern.anim
  artifactKey: Guid(e10a0455d04b0be40be3e7f37e78289a) Importer(815301076,1909f56bfc062723c751e8b465ee728b)
Start importing Assets/JOEL/Animations/lantern.anim using Guid(e10a0455d04b0be40be3e7f37e78289a) Importer(815301076,1909f56bfc062723c751e8b465ee728b)  -> (artifact id: '2633eb7722294140909ff2e27e7fd35d') in 0.056530 seconds
  Import took 0.067342 seconds .

========================================================================
Received Import Request.
  Time since last request: 0.031597 seconds.
  path: Assets/JOEL/Animations/lantern.anim
  artifactKey: Guid(e10a0455d04b0be40be3e7f37e78289a) Importer(815301076,1909f56bfc062723c751e8b465ee728b)
Start importing Assets/JOEL/Animations/lantern.anim using Guid(e10a0455d04b0be40be3e7f37e78289a) Importer(815301076,1909f56bfc062723c751e8b465ee728b)  -> (artifact id: '2633eb7722294140909ff2e27e7fd35d') in 0.013679 seconds
  Import took 0.022395 seconds .

========================================================================
Received Prepare
Registering precompiled user dll's ...
Registered in 0.003920 seconds.
Begin MonoManager ReloadAssembly
Native extension for WindowsStandalone target not found
Native extension for WebGL target not found
Refreshing native plugins compatible for Editor in 2.24 ms, found 0 plugins.
Preloading 0 native plugins for Editor in 0.00 ms.
Invoked RoslynAnalysisRunner static constructor.
RoslynAnalysisRunner will not be running.
RoslynAnalysisRunner has terminated.
Mono: successfully reloaded assembly
- Completed reload, in  2.159 seconds
Platform modules already initialized, skipping
Shader 'Universal Render Pipeline/Particles/Lit': fallback shader 'Universal Render Pipeline/Particles/SimpleLit' not found
Refreshing native plugins compatible for Editor in 1.86 ms, found 0 plugins.
Preloading 0 native plugins for Editor in 0.00 ms.
Unloading 2353 Unused Serialized files (Serialized files now loaded: 0)
System memory in use before: 225.0 MB.
System memory in use after: 224.2 MB.

Unloading 25 unused Assets to reduce memory usage. Loaded Objects now: 2975.
Total: 12.410000 ms (FindLiveObjects: 0.722900 ms CreateObjectMapping: 0.541300 ms MarkObjects: 9.365800 ms  DeleteObjects: 1.776200 ms)

========================================================================
Received Prepare
Registering precompiled user dll's ...
Registered in 0.005250 seconds.
Begin MonoManager ReloadAssembly
Native extension for WindowsStandalone target not found
Native extension for WebGL target not found
Refreshing native plugins compatible for Editor in 3.70 ms, found 0 plugins.
Preloading 0 native plugins for Editor in 0.00 ms.
Invoked RoslynAnalysisRunner static constructor.
RoslynAnalysisRunner will not be running.
RoslynAnalysisRunner has terminated.
Mono: successfully reloaded assembly
- Completed reload, in  2.899 seconds
Platform modules already initialized, skipping
Shader 'Universal Render Pipeline/Particles/Lit': fallback shader 'Universal Render Pipeline/Particles/SimpleLit' not found
Refreshing native plugins compatible for Editor in 2.45 ms, found 0 plugins.
Preloading 0 native plugins for Editor in 0.00 ms.
Unloading 2353 Unused Serialized files (Serialized files now loaded: 0)
System memory in use before: 224.9 MB.
System memory in use after: 224.1 MB.

Unloading 25 unused Assets to reduce memory usage. Loaded Objects now: 2977.
Total: 6.726100 ms (FindLiveObjects: 0.626900 ms CreateObjectMapping: 0.182100 ms MarkObjects: 4.436400 ms  DeleteObjects: 1.478000 ms)

========================================================================
Received Import Request.
  Time since last request: 649.545081 seconds.
  path: Assets/JOEL/Animations/lantern.anim
  artifactKey: Guid(e10a0455d04b0be40be3e7f37e78289a) Importer(815301076,1909f56bfc062723c751e8b465ee728b)
Start importing Assets/JOEL/Animations/lantern.anim using Guid(e10a0455d04b0be40be3e7f37e78289a) Importer(815301076,1909f56bfc062723c751e8b465ee728b)  -> (artifact id: '22b5ad20670711e1eb7fa0384c56e639') in 0.028851 seconds
  Import took 0.039115 seconds .

========================================================================
Received Import Request.
  Time since last request: 45.072225 seconds.
  path: Assets/JOEL/Animations/lantern-sphere (7).controller
  artifactKey: Guid(6b09410dacc114c4f9a931cea2f65fc9) Importer(815301076,1909f56bfc062723c751e8b465ee728b)
Start importing Assets/JOEL/Animations/lantern-sphere (7).controller using Guid(6b09410dacc114c4f9a931cea2f65fc9) Importer(815301076,1909f56bfc062723c751e8b465ee728b)  -> (artifact id: '6b033810c9504fc1f9a2fd2012394500') in 0.026076 seconds
  Import took 0.038708 seconds .

========================================================================
Received Prepare
Registering precompiled user dll's ...
Registered in 0.004290 seconds.
Begin MonoManager ReloadAssembly
Native extension for WindowsStandalone target not found
Native extension for WebGL target not found
Refreshing native plugins compatible for Editor in 2.19 ms, found 0 plugins.
Preloading 0 native plugins for Editor in 0.00 ms.
Invoked RoslynAnalysisRunner static constructor.
RoslynAnalysisRunner will not be running.
RoslynAnalysisRunner has terminated.
Mono: successfully reloaded assembly
- Completed reload, in  2.025 seconds
Platform modules already initialized, skipping
Shader 'Universal Render Pipeline/Particles/Lit': fallback shader 'Universal Render Pipeline/Particles/SimpleLit' not found
Refreshing native plugins compatible for Editor in 3.03 ms, found 0 plugins.
Preloading 0 native plugins for Editor in 0.00 ms.
Unloading 2353 Unused Serialized files (Serialized files now loaded: 0)
System memory in use before: 225.1 MB.
System memory in use after: 224.3 MB.

Unloading 25 unused Assets to reduce memory usage. Loaded Objects now: 2979.
Total: 15.358800 ms (FindLiveObjects: 1.885900 ms CreateObjectMapping: 0.276100 ms MarkObjects: 8.153000 ms  DeleteObjects: 5.037800 ms)

========================================================================
Received Prepare
Registering precompiled user dll's ...
Registered in 0.003939 seconds.
Begin MonoManager ReloadAssembly
Native extension for WindowsStandalone target not found
Native extension for WebGL target not found
Refreshing native plugins compatible for Editor in 1.87 ms, found 0 plugins.
Preloading 0 native plugins for Editor in 0.00 ms.
Invoked RoslynAnalysisRunner static constructor.
RoslynAnalysisRunner will not be running.
RoslynAnalysisRunner has terminated.
Mono: successfully reloaded assembly
- Completed reload, in  1.960 seconds
Platform modules already initialized, skipping
Shader 'Universal Render Pipeline/Particles/Lit': fallback shader 'Universal Render Pipeline/Particles/SimpleLit' not found
Refreshing native plugins compatible for Editor in 1.80 ms, found 0 plugins.
Preloading 0 native plugins for Editor in 0.00 ms.
Unloading 2353 Unused Serialized files (Serialized files now loaded: 0)
System memory in use before: 225.1 MB.
System memory in use after: 224.3 MB.

Unloading 25 unused Assets to reduce memory usage. Loaded Objects now: 2981.
Total: 8.990400 ms (FindLiveObjects: 0.731400 ms CreateObjectMapping: 0.206500 ms MarkObjects: 5.737900 ms  DeleteObjects: 2.310300 ms)

========================================================================
Received Import Request.
  Time since last request: 1047.460943 seconds.
  path: Assets/polyperfect/Low Poly Ultimate Pack/M/- Meshes_M/Terrains_M/Worlds_M/world-oasis.fbx
  artifactKey: Guid(770b85915da5e334d98e9c2298a8b07d) Importer(815301076,1909f56bfc062723c751e8b465ee728b)
Start importing Assets/polyperfect/Low Poly Ultimate Pack/M/- Meshes_M/Terrains_M/Worlds_M/world-oasis.fbx using Guid(770b85915da5e334d98e9c2298a8b07d) Importer(815301076,1909f56bfc062723c751e8b465ee728b)  -> (artifact id: '98ad21349ad298b20ed7e346fff21dd4') in 0.401885 seconds
  Import took 0.413823 seconds .

